The system is: Linux - 3.10.0-1127.19.1.el7.x86_64 - x86_64
Compiling the CXX compiler identification source file "CMakeCXXCompilerId.cpp" succeeded.
Compiler: /software/sse/manual/mpprun/4.1.3/nsc-wrappers/c++ 
Build flags: 
Id flags:  

The output was:
0


Compilation of the CXX compiler identification source "CMakeCXXCompilerId.cpp" produced "a.out"

The CXX compiler identification is GNU, found in "/home/x_ilama/MultiComponent_VillainModel/build/Release/CMakeFiles/3.16.5/CompilerIdCXX/a.out"

Determining if the CXX compiler works passed with the following output:
Change Dir: /home/x_ilama/MultiComponent_VillainModel/build/Release/CMakeFiles/CMakeTmp

Run Build Command(s):/usr/bin/gmake cmTC_a2b91/fast && /usr/bin/gmake -f CMakeFiles/cmTC_a2b91.dir/build.make CMakeFiles/cmTC_a2b91.dir/build
gmake[1]: Entering directory `/home/x_ilama/MultiComponent_VillainModel/build/Release/CMakeFiles/CMakeTmp'
Building CXX object CMakeFiles/cmTC_a2b91.dir/testCXXCompiler.cxx.o
/software/sse/manual/mpprun/4.1.3/nsc-wrappers/c++     -o CMakeFiles/cmTC_a2b91.dir/testCXXCompiler.cxx.o -c /home/x_ilama/MultiComponent_VillainModel/build/Release/CMakeFiles/CMakeTmp/testCXXCompiler.cxx
Linking CXX executable cmTC_a2b91
/software/sse/manual/CMake/3.16.5/bin/cmake -E cmake_link_script CMakeFiles/cmTC_a2b91.dir/link.txt --verbose=1
/software/sse/manual/mpprun/4.1.3/nsc-wrappers/c++       CMakeFiles/cmTC_a2b91.dir/testCXXCompiler.cxx.o  -o cmTC_a2b91 
gmake[1]: Leaving directory `/home/x_ilama/MultiComponent_VillainModel/build/Release/CMakeFiles/CMakeTmp'



Detecting CXX compiler ABI info compiled with the following output:
Change Dir: /home/x_ilama/MultiComponent_VillainModel/build/Release/CMakeFiles/CMakeTmp

Run Build Command(s):/usr/bin/gmake cmTC_f83e7/fast && /usr/bin/gmake -f CMakeFiles/cmTC_f83e7.dir/build.make CMakeFiles/cmTC_f83e7.dir/build
gmake[1]: Entering directory `/home/x_ilama/MultiComponent_VillainModel/build/Release/CMakeFiles/CMakeTmp'
Building CXX object CMakeFiles/cmTC_f83e7.dir/CMakeCXXCompilerABI.cpp.o
/software/sse/manual/mpprun/4.1.3/nsc-wrappers/c++    -v -o CMakeFiles/cmTC_f83e7.dir/CMakeCXXCompilerABI.cpp.o -c /software/sse/manual/CMake/3.16.5/share/cmake-3.16/Modules/CMakeCXXCompilerABI.cpp
Using built-in specs.
COLLECT_GCC=/software/sse/easybuild/prefix/software/GCCcore/8.2.0/bin/c++
Target: x86_64-pc-linux-gnu
Configured with: ../configure --enable-languages=c,c++,fortran --enable-lto --enable-checking=release --disable-multilib --enable-shared=yes --enable-static=yes --enable-threads=posix --enable-plugins --enable-gold=default --enable-ld --with-plugin-ld=ld.gold --prefix=/software/sse/easybuild/prefix/software/GCCcore/8.2.0 --with-local-prefix=/software/sse/easybuild/prefix/software/GCCcore/8.2.0 --enable-bootstrap --with-isl=/tmp/torbenr/GCCcore/8.2.0/dummy-/gcc-8.2.0/stage2_stuff
Thread model: posix
gcc version 8.2.0 (GCC) 
COLLECT_GCC_OPTIONS='-v' '-o' 'CMakeFiles/cmTC_f83e7.dir/CMakeCXXCompilerABI.cpp.o' '-c' '-B' '/software/sse/manual/mpprun/4.1.3/nsc-wrappers/../nsc-wrappers' '-shared-libgcc' '-mtune=generic' '-march=x86-64'
 /software/sse/easybuild/prefix/software/GCCcore/8.2.0/libexec/gcc/x86_64-pc-linux-gnu/8.2.0/cc1plus -quiet -v -D_GNU_SOURCE /software/sse/manual/CMake/3.16.5/share/cmake-3.16/Modules/CMakeCXXCompilerABI.cpp -quiet -dumpbase CMakeCXXCompilerABI.cpp -mtune=generic -march=x86-64 -auxbase-strip CMakeFiles/cmTC_f83e7.dir/CMakeCXXCompilerABI.cpp.o -version -o /tmp/ccBwHULb.s
GNU C++14 (GCC) version 8.2.0 (x86_64-pc-linux-gnu)
	compiled by GNU C version 8.2.0, GMP version 6.1.2, MPFR version 4.0.1, MPC version 1.1.0, isl version isl-0.20-GMP

GGC heuristics: --param ggc-min-expand=100 --param ggc-min-heapsize=131072
ignoring nonexistent directory "/software/sse/easybuild/prefix/software/GCCcore/8.2.0/lib/gcc/x86_64-pc-linux-gnu/8.2.0/../../../../x86_64-pc-linux-gnu/include"
ignoring duplicate directory "/software/sse/easybuild/prefix/software/GCCcore/8.2.0/include"
  as it is a non-system directory that duplicates a system directory
#include "..." search starts here:
#include <...> search starts here:
 /software/sse/easybuild/prefix/software/ScaLAPACK/2.0.2-gompi-2019a-OpenBLAS-0.3.5/include
 /software/sse/easybuild/prefix/software/FFTW/3.3.8-gompi-2019a/include
 /software/sse/easybuild/prefix/software/OpenBLAS/0.3.5-GCC-8.2.0-2.31.1/include
 /software/sse/easybuild/prefix/software/OpenMPI/3.1.3-GCC-8.2.0-2.31.1/include
 /software/sse/easybuild/prefix/software/hwloc/1.11.11-GCCcore-8.2.0/include
 /software/sse/easybuild/prefix/software/libpciaccess/0.14-GCCcore-8.2.0/include
 /software/sse/easybuild/prefix/software/libxml2/2.9.8-GCCcore-8.2.0/include/libxml2
 /software/sse/easybuild/prefix/software/libxml2/2.9.8-GCCcore-8.2.0/include
 /software/sse/easybuild/prefix/software/XZ/5.2.4-GCCcore-8.2.0/include
 /software/sse/easybuild/prefix/software/numactl/2.0.12-GCCcore-8.2.0/include
 /software/sse/easybuild/prefix/software/binutils/2.31.1-GCCcore-8.2.0/include
 /software/sse/easybuild/prefix/software/zlib/1.2.11-GCCcore-8.2.0/include
 /software/sse/easybuild/prefix/software/GCCcore/8.2.0/lib/gcc/x86_64-pc-linux-gnu/8.2.0/../../../../include/c++/8.2.0
 /software/sse/easybuild/prefix/software/GCCcore/8.2.0/lib/gcc/x86_64-pc-linux-gnu/8.2.0/../../../../include/c++/8.2.0/x86_64-pc-linux-gnu
 /software/sse/easybuild/prefix/software/GCCcore/8.2.0/lib/gcc/x86_64-pc-linux-gnu/8.2.0/../../../../include/c++/8.2.0/backward
 /software/sse/easybuild/prefix/software/GCCcore/8.2.0/lib/gcc/x86_64-pc-linux-gnu/8.2.0/include
 /software/sse/easybuild/prefix/software/GCCcore/8.2.0/include
 /software/sse/easybuild/prefix/software/GCCcore/8.2.0/lib/gcc/x86_64-pc-linux-gnu/8.2.0/include-fixed
 /usr/include
End of search list.
GNU C++14 (GCC) version 8.2.0 (x86_64-pc-linux-gnu)
	compiled by GNU C version 8.2.0, GMP version 6.1.2, MPFR version 4.0.1, MPC version 1.1.0, isl version isl-0.20-GMP

GGC heuristics: --param ggc-min-expand=100 --param ggc-min-heapsize=131072
Compiler executable checksum: 3386c79d253f131a549686432f68e9c0
COLLECT_GCC_OPTIONS='-v' '-o' 'CMakeFiles/cmTC_f83e7.dir/CMakeCXXCompilerABI.cpp.o' '-c' '-B' '/software/sse/manual/mpprun/4.1.3/nsc-wrappers/../nsc-wrappers' '-shared-libgcc' '-mtune=generic' '-march=x86-64'
 as -v --64 -o CMakeFiles/cmTC_f83e7.dir/CMakeCXXCompilerABI.cpp.o /tmp/ccBwHULb.s
GNU assembler version 2.31.1 (x86_64-pc-linux-gnu) using BFD version (GNU Binutils) 2.31.1
COMPILER_PATH=/software/sse/manual/mpprun/4.1.3/nsc-wrappers/../nsc-wrappers/:/software/sse/easybuild/prefix/software/GCCcore/8.2.0/libexec/gcc/x86_64-pc-linux-gnu/8.2.0/:/software/sse/easybuild/prefix/software/GCCcore/8.2.0/libexec/gcc/x86_64-pc-linux-gnu/8.2.0/:/software/sse/easybuild/prefix/software/GCCcore/8.2.0/libexec/gcc/x86_64-pc-linux-gnu/:/software/sse/easybuild/prefix/software/GCCcore/8.2.0/lib/gcc/x86_64-pc-linux-gnu/8.2.0/:/software/sse/easybuild/prefix/software/GCCcore/8.2.0/lib/gcc/x86_64-pc-linux-gnu/
LIBRARY_PATH=/software/sse/manual/mpprun/4.1.3/nsc-wrappers/../nsc-wrappers/:/software/sse/easybuild/prefix/software/GCCcore/8.2.0/lib64/../lib64/:/software/sse/easybuild/prefix/software/GCCcore/8.2.0/lib/../lib64/:/software/sse/easybuild/prefix/software/GCCcore/8.2.0/lib/gcc/x86_64-pc-linux-gnu/8.2.0/:/software/sse/easybuild/prefix/software/GCCcore/8.2.0/lib/gcc/x86_64-pc-linux-gnu/8.2.0/../../../../lib64/:/lib/../lib64/:/usr/lib/../lib64/:/software/sse/easybuild/prefix/software/ScaLAPACK/2.0.2-gompi-2019a-OpenBLAS-0.3.5/lib/:/software/sse/easybuild/prefix/software/FFTW/3.3.8-gompi-2019a/lib/:/software/sse/easybuild/prefix/software/OpenBLAS/0.3.5-GCC-8.2.0-2.31.1/lib/:/software/sse/easybuild/prefix/software/OpenMPI/3.1.3-GCC-8.2.0-2.31.1/lib/:/software/sse/easybuild/prefix/software/hwloc/1.11.11-GCCcore-8.2.0/lib/:/software/sse/easybuild/prefix/software/libpciaccess/0.14-GCCcore-8.2.0/lib/:/software/sse/easybuild/prefix/software/libxml2/2.9.8-GCCcore-8.2.0/lib/:/software/sse/easybuild/prefix/software/XZ/5.2.4-GCCcore-8.2.0/lib/:/software/sse/easybuild/prefix/software/numactl/2.0.12-GCCcore-8.2.0/lib/:/software/sse/easybuild/prefix/software/binutils/2.31.1-GCCcore-8.2.0/lib/:/software/sse/easybuild/prefix/software/zlib/1.2.11-GCCcore-8.2.0/lib/:/software/sse/easybuild/prefix/software/GCCcore/8.2.0/lib64/:/software/sse/easybuild/prefix/software/GCCcore/8.2.0/lib/:/software/sse/easybuild/prefix/software/GCCcore/8.2.0/lib/gcc/x86_64-pc-linux-gnu/8.2.0/../../../:/lib/:/usr/lib/
COLLECT_GCC_OPTIONS='-v' '-o' 'CMakeFiles/cmTC_f83e7.dir/CMakeCXXCompilerABI.cpp.o' '-c' '-B' '/software/sse/manual/mpprun/4.1.3/nsc-wrappers/../nsc-wrappers' '-shared-libgcc' '-mtune=generic' '-march=x86-64'
Linking CXX executable cmTC_f83e7
/software/sse/manual/CMake/3.16.5/bin/cmake -E cmake_link_script CMakeFiles/cmTC_f83e7.dir/link.txt --verbose=1
/software/sse/manual/mpprun/4.1.3/nsc-wrappers/c++      -v CMakeFiles/cmTC_f83e7.dir/CMakeCXXCompilerABI.cpp.o  -o cmTC_f83e7 
Using built-in specs.
COLLECT_GCC=/software/sse/easybuild/prefix/software/GCCcore/8.2.0/bin/c++
COLLECT_LTO_WRAPPER=/software/sse/easybuild/prefix/software/GCCcore/8.2.0/libexec/gcc/x86_64-pc-linux-gnu/8.2.0/lto-wrapper
Target: x86_64-pc-linux-gnu
Configured with: ../configure --enable-languages=c,c++,fortran --enable-lto --enable-checking=release --disable-multilib --enable-shared=yes --enable-static=yes --enable-threads=posix --enable-plugins --enable-gold=default --enable-ld --with-plugin-ld=ld.gold --prefix=/software/sse/easybuild/prefix/software/GCCcore/8.2.0 --with-local-prefix=/software/sse/easybuild/prefix/software/GCCcore/8.2.0 --enable-bootstrap --with-isl=/tmp/torbenr/GCCcore/8.2.0/dummy-/gcc-8.2.0/stage2_stuff
Thread model: posix
gcc version 8.2.0 (GCC) 
COMPILER_PATH=/software/sse/manual/mpprun/4.1.3/nsc-wrappers/../nsc-wrappers/:/software/sse/easybuild/prefix/software/GCCcore/8.2.0/libexec/gcc/x86_64-pc-linux-gnu/8.2.0/:/software/sse/easybuild/prefix/software/GCCcore/8.2.0/libexec/gcc/x86_64-pc-linux-gnu/8.2.0/:/software/sse/easybuild/prefix/software/GCCcore/8.2.0/libexec/gcc/x86_64-pc-linux-gnu/:/software/sse/easybuild/prefix/software/GCCcore/8.2.0/lib/gcc/x86_64-pc-linux-gnu/8.2.0/:/software/sse/easybuild/prefix/software/GCCcore/8.2.0/lib/gcc/x86_64-pc-linux-gnu/
LIBRARY_PATH=/software/sse/manual/mpprun/4.1.3/nsc-wrappers/../nsc-wrappers/:/software/sse/easybuild/prefix/software/GCCcore/8.2.0/lib64/../lib64/:/software/sse/easybuild/prefix/software/GCCcore/8.2.0/lib/../lib64/:/software/sse/easybuild/prefix/software/GCCcore/8.2.0/lib/gcc/x86_64-pc-linux-gnu/8.2.0/:/software/sse/easybuild/prefix/software/GCCcore/8.2.0/lib/gcc/x86_64-pc-linux-gnu/8.2.0/../../../../lib64/:/lib/../lib64/:/usr/lib/../lib64/:/software/sse/easybuild/prefix/software/ScaLAPACK/2.0.2-gompi-2019a-OpenBLAS-0.3.5/lib/:/software/sse/easybuild/prefix/software/FFTW/3.3.8-gompi-2019a/lib/:/software/sse/easybuild/prefix/software/OpenBLAS/0.3.5-GCC-8.2.0-2.31.1/lib/:/software/sse/easybuild/prefix/software/OpenMPI/3.1.3-GCC-8.2.0-2.31.1/lib/:/software/sse/easybuild/prefix/software/hwloc/1.11.11-GCCcore-8.2.0/lib/:/software/sse/easybuild/prefix/software/libpciaccess/0.14-GCCcore-8.2.0/lib/:/software/sse/easybuild/prefix/software/libxml2/2.9.8-GCCcore-8.2.0/lib/:/software/sse/easybuild/prefix/software/XZ/5.2.4-GCCcore-8.2.0/lib/:/software/sse/easybuild/prefix/software/numactl/2.0.12-GCCcore-8.2.0/lib/:/software/sse/easybuild/prefix/software/binutils/2.31.1-GCCcore-8.2.0/lib/:/software/sse/easybuild/prefix/software/zlib/1.2.11-GCCcore-8.2.0/lib/:/software/sse/easybuild/prefix/software/GCCcore/8.2.0/lib64/:/software/sse/easybuild/prefix/software/GCCcore/8.2.0/lib/:/software/sse/easybuild/prefix/software/GCCcore/8.2.0/lib/gcc/x86_64-pc-linux-gnu/8.2.0/../../../:/lib/:/usr/lib/
COLLECT_GCC_OPTIONS='-v' '-o' 'cmTC_f83e7' '-B' '/software/sse/manual/mpprun/4.1.3/nsc-wrappers/../nsc-wrappers' '-shared-libgcc' '-mtune=generic' '-march=x86-64'
 /software/sse/easybuild/prefix/software/GCCcore/8.2.0/libexec/gcc/x86_64-pc-linux-gnu/8.2.0/collect2 -plugin /software/sse/easybuild/prefix/software/GCCcore/8.2.0/libexec/gcc/x86_64-pc-linux-gnu/8.2.0/liblto_plugin.so -plugin-opt=/software/sse/easybuild/prefix/software/GCCcore/8.2.0/libexec/gcc/x86_64-pc-linux-gnu/8.2.0/lto-wrapper -plugin-opt=-fresolution=/tmp/ccMCXvVj.res -plugin-opt=-pass-through=-lgcc_s -plugin-opt=-pass-through=-lgcc -plugin-opt=-pass-through=-lc -plugin-opt=-pass-through=-lgcc_s -plugin-opt=-pass-through=-lgcc --eh-frame-hdr -m elf_x86_64 -dynamic-linker /lib64/ld-linux-x86-64.so.2 -o cmTC_f83e7 /lib/../lib64/crt1.o /lib/../lib64/crti.o /software/sse/easybuild/prefix/software/GCCcore/8.2.0/lib/gcc/x86_64-pc-linux-gnu/8.2.0/crtbegin.o -L/software/sse/manual/mpprun/4.1.3/nsc-wrappers/../nsc-wrappers -L/software/sse/easybuild/prefix/software/GCCcore/8.2.0/lib64/../lib64 -L/software/sse/easybuild/prefix/software/GCCcore/8.2.0/lib/../lib64 -L/software/sse/easybuild/prefix/software/GCCcore/8.2.0/lib/gcc/x86_64-pc-linux-gnu/8.2.0 -L/software/sse/easybuild/prefix/software/GCCcore/8.2.0/lib/gcc/x86_64-pc-linux-gnu/8.2.0/../../../../lib64 -L/lib/../lib64 -L/usr/lib/../lib64 -L/software/sse/easybuild/prefix/software/ScaLAPACK/2.0.2-gompi-2019a-OpenBLAS-0.3.5/lib -L/software/sse/easybuild/prefix/software/FFTW/3.3.8-gompi-2019a/lib -L/software/sse/easybuild/prefix/software/OpenBLAS/0.3.5-GCC-8.2.0-2.31.1/lib -L/software/sse/easybuild/prefix/software/OpenMPI/3.1.3-GCC-8.2.0-2.31.1/lib -L/software/sse/easybuild/prefix/software/hwloc/1.11.11-GCCcore-8.2.0/lib -L/software/sse/easybuild/prefix/software/libpciaccess/0.14-GCCcore-8.2.0/lib -L/software/sse/easybuild/prefix/software/libxml2/2.9.8-GCCcore-8.2.0/lib -L/software/sse/easybuild/prefix/software/XZ/5.2.4-GCCcore-8.2.0/lib -L/software/sse/easybuild/prefix/software/numactl/2.0.12-GCCcore-8.2.0/lib -L/software/sse/easybuild/prefix/software/binutils/2.31.1-GCCcore-8.2.0/lib -L/software/sse/easybuild/prefix/software/zlib/1.2.11-GCCcore-8.2.0/lib -L/software/sse/easybuild/prefix/software/GCCcore/8.2.0/lib64 -L/software/sse/easybuild/prefix/software/GCCcore/8.2.0/lib -L/software/sse/easybuild/prefix/software/GCCcore/8.2.0/lib/gcc/x86_64-pc-linux-gnu/8.2.0/../../.. CMakeFiles/cmTC_f83e7.dir/CMakeCXXCompilerABI.cpp.o -lstdc++ -lm -lgcc_s -lgcc -lc -lgcc_s -lgcc /software/sse/easybuild/prefix/software/GCCcore/8.2.0/lib/gcc/x86_64-pc-linux-gnu/8.2.0/crtend.o /lib/../lib64/crtn.o
COLLECT_GCC_OPTIONS='-v' '-o' 'cmTC_f83e7' '-B' '/software/sse/manual/mpprun/4.1.3/nsc-wrappers/../nsc-wrappers' '-shared-libgcc' '-mtune=generic' '-march=x86-64'
gmake[1]: Leaving directory `/home/x_ilama/MultiComponent_VillainModel/build/Release/CMakeFiles/CMakeTmp'



Parsed CXX implicit include dir info from above output: rv=done
  found start of include info
  found start of implicit include info
    add: [/software/sse/easybuild/prefix/software/ScaLAPACK/2.0.2-gompi-2019a-OpenBLAS-0.3.5/include]
    add: [/software/sse/easybuild/prefix/software/FFTW/3.3.8-gompi-2019a/include]
    add: [/software/sse/easybuild/prefix/software/OpenBLAS/0.3.5-GCC-8.2.0-2.31.1/include]
    add: [/software/sse/easybuild/prefix/software/OpenMPI/3.1.3-GCC-8.2.0-2.31.1/include]
    add: [/software/sse/easybuild/prefix/software/hwloc/1.11.11-GCCcore-8.2.0/include]
    add: [/software/sse/easybuild/prefix/software/libpciaccess/0.14-GCCcore-8.2.0/include]
    add: [/software/sse/easybuild/prefix/software/libxml2/2.9.8-GCCcore-8.2.0/include/libxml2]
    add: [/software/sse/easybuild/prefix/software/libxml2/2.9.8-GCCcore-8.2.0/include]
    add: [/software/sse/easybuild/prefix/software/XZ/5.2.4-GCCcore-8.2.0/include]
    add: [/software/sse/easybuild/prefix/software/numactl/2.0.12-GCCcore-8.2.0/include]
    add: [/software/sse/easybuild/prefix/software/binutils/2.31.1-GCCcore-8.2.0/include]
    add: [/software/sse/easybuild/prefix/software/zlib/1.2.11-GCCcore-8.2.0/include]
    add: [/software/sse/easybuild/prefix/software/GCCcore/8.2.0/lib/gcc/x86_64-pc-linux-gnu/8.2.0/../../../../include/c++/8.2.0]
    add: [/software/sse/easybuild/prefix/software/GCCcore/8.2.0/lib/gcc/x86_64-pc-linux-gnu/8.2.0/../../../../include/c++/8.2.0/x86_64-pc-linux-gnu]
    add: [/software/sse/easybuild/prefix/software/GCCcore/8.2.0/lib/gcc/x86_64-pc-linux-gnu/8.2.0/../../../../include/c++/8.2.0/backward]
    add: [/software/sse/easybuild/prefix/software/GCCcore/8.2.0/lib/gcc/x86_64-pc-linux-gnu/8.2.0/include]
    add: [/software/sse/easybuild/prefix/software/GCCcore/8.2.0/include]
    add: [/software/sse/easybuild/prefix/software/GCCcore/8.2.0/lib/gcc/x86_64-pc-linux-gnu/8.2.0/include-fixed]
    add: [/usr/include]
  end of search list found
  collapse include dir [/software/sse/easybuild/prefix/software/ScaLAPACK/2.0.2-gompi-2019a-OpenBLAS-0.3.5/include] ==> [/software/sse/easybuild/prefix/software/ScaLAPACK/2.0.2-gompi-2019a-OpenBLAS-0.3.5/include]
  collapse include dir [/software/sse/easybuild/prefix/software/FFTW/3.3.8-gompi-2019a/include] ==> [/software/sse/easybuild/prefix/software/FFTW/3.3.8-gompi-2019a/include]
  collapse include dir [/software/sse/easybuild/prefix/software/OpenBLAS/0.3.5-GCC-8.2.0-2.31.1/include] ==> [/software/sse/easybuild/prefix/software/OpenBLAS/0.3.5-GCC-8.2.0-2.31.1/include]
  collapse include dir [/software/sse/easybuild/prefix/software/OpenMPI/3.1.3-GCC-8.2.0-2.31.1/include] ==> [/software/sse/easybuild/prefix/software/OpenMPI/3.1.3-GCC-8.2.0-2.31.1/include]
  collapse include dir [/software/sse/easybuild/prefix/software/hwloc/1.11.11-GCCcore-8.2.0/include] ==> [/software/sse/easybuild/prefix/software/hwloc/1.11.11-GCCcore-8.2.0/include]
  collapse include dir [/software/sse/easybuild/prefix/software/libpciaccess/0.14-GCCcore-8.2.0/include] ==> [/software/sse/easybuild/prefix/software/libpciaccess/0.14-GCCcore-8.2.0/include]
  collapse include dir [/software/sse/easybuild/prefix/software/libxml2/2.9.8-GCCcore-8.2.0/include/libxml2] ==> [/software/sse/easybuild/prefix/software/libxml2/2.9.8-GCCcore-8.2.0/include/libxml2]
  collapse include dir [/software/sse/easybuild/prefix/software/libxml2/2.9.8-GCCcore-8.2.0/include] ==> [/software/sse/easybuild/prefix/software/libxml2/2.9.8-GCCcore-8.2.0/include]
  collapse include dir [/software/sse/easybuild/prefix/software/XZ/5.2.4-GCCcore-8.2.0/include] ==> [/software/sse/easybuild/prefix/software/XZ/5.2.4-GCCcore-8.2.0/include]
  collapse include dir [/software/sse/easybuild/prefix/software/numactl/2.0.12-GCCcore-8.2.0/include] ==> [/software/sse/easybuild/prefix/software/numactl/2.0.12-GCCcore-8.2.0/include]
  collapse include dir [/software/sse/easybuild/prefix/software/binutils/2.31.1-GCCcore-8.2.0/include] ==> [/software/sse/easybuild/prefix/software/binutils/2.31.1-GCCcore-8.2.0/include]
  collapse include dir [/software/sse/easybuild/prefix/software/zlib/1.2.11-GCCcore-8.2.0/include] ==> [/software/sse/easybuild/prefix/software/zlib/1.2.11-GCCcore-8.2.0/include]
  collapse include dir [/software/sse/easybuild/prefix/software/GCCcore/8.2.0/lib/gcc/x86_64-pc-linux-gnu/8.2.0/../../../../include/c++/8.2.0] ==> [/software/sse/easybuild/prefix/software/GCCcore/8.2.0/include/c++/8.2.0]
  collapse include dir [/software/sse/easybuild/prefix/software/GCCcore/8.2.0/lib/gcc/x86_64-pc-linux-gnu/8.2.0/../../../../include/c++/8.2.0/x86_64-pc-linux-gnu] ==> [/software/sse/easybuild/prefix/software/GCCcore/8.2.0/include/c++/8.2.0/x86_64-pc-linux-gnu]
  collapse include dir [/software/sse/easybuild/prefix/software/GCCcore/8.2.0/lib/gcc/x86_64-pc-linux-gnu/8.2.0/../../../../include/c++/8.2.0/backward] ==> [/software/sse/easybuild/prefix/software/GCCcore/8.2.0/include/c++/8.2.0/backward]
  collapse include dir [/software/sse/easybuild/prefix/software/GCCcore/8.2.0/lib/gcc/x86_64-pc-linux-gnu/8.2.0/include] ==> [/software/sse/easybuild/prefix/software/GCCcore/8.2.0/lib/gcc/x86_64-pc-linux-gnu/8.2.0/include]
  collapse include dir [/software/sse/easybuild/prefix/software/GCCcore/8.2.0/include] ==> [/software/sse/easybuild/prefix/software/GCCcore/8.2.0/include]
  collapse include dir [/software/sse/easybuild/prefix/software/GCCcore/8.2.0/lib/gcc/x86_64-pc-linux-gnu/8.2.0/include-fixed] ==> [/software/sse/easybuild/prefix/software/GCCcore/8.2.0/lib/gcc/x86_64-pc-linux-gnu/8.2.0/include-fixed]
  collapse include dir [/usr/include] ==> [/usr/include]
  implicit include dirs: [/software/sse/easybuild/prefix/software/ScaLAPACK/2.0.2-gompi-2019a-OpenBLAS-0.3.5/include;/software/sse/easybuild/prefix/software/FFTW/3.3.8-gompi-2019a/include;/software/sse/easybuild/prefix/software/OpenBLAS/0.3.5-GCC-8.2.0-2.31.1/include;/software/sse/easybuild/prefix/software/OpenMPI/3.1.3-GCC-8.2.0-2.31.1/include;/software/sse/easybuild/prefix/software/hwloc/1.11.11-GCCcore-8.2.0/include;/software/sse/easybuild/prefix/software/libpciaccess/0.14-GCCcore-8.2.0/include;/software/sse/easybuild/prefix/software/libxml2/2.9.8-GCCcore-8.2.0/include/libxml2;/software/sse/easybuild/prefix/software/libxml2/2.9.8-GCCcore-8.2.0/include;/software/sse/easybuild/prefix/software/XZ/5.2.4-GCCcore-8.2.0/include;/software/sse/easybuild/prefix/software/numactl/2.0.12-GCCcore-8.2.0/include;/software/sse/easybuild/prefix/software/binutils/2.31.1-GCCcore-8.2.0/include;/software/sse/easybuild/prefix/software/zlib/1.2.11-GCCcore-8.2.0/include;/software/sse/easybuild/prefix/software/GCCcore/8.2.0/include/c++/8.2.0;/software/sse/easybuild/prefix/software/GCCcore/8.2.0/include/c++/8.2.0/x86_64-pc-linux-gnu;/software/sse/easybuild/prefix/software/GCCcore/8.2.0/include/c++/8.2.0/backward;/software/sse/easybuild/prefix/software/GCCcore/8.2.0/lib/gcc/x86_64-pc-linux-gnu/8.2.0/include;/software/sse/easybuild/prefix/software/GCCcore/8.2.0/include;/software/sse/easybuild/prefix/software/GCCcore/8.2.0/lib/gcc/x86_64-pc-linux-gnu/8.2.0/include-fixed;/usr/include]


Parsed CXX implicit link information from above output:
  link line regex: [^( *|.*[/\])(ld|CMAKE_LINK_STARTFILE-NOTFOUND|([^/\]+-)?ld|collect2)[^/\]*( |$)]
  ignore line: [Change Dir: /home/x_ilama/MultiComponent_VillainModel/build/Release/CMakeFiles/CMakeTmp]
  ignore line: []
  ignore line: [Run Build Command(s):/usr/bin/gmake cmTC_f83e7/fast && /usr/bin/gmake -f CMakeFiles/cmTC_f83e7.dir/build.make CMakeFiles/cmTC_f83e7.dir/build]
  ignore line: [gmake[1]: Entering directory `/home/x_ilama/MultiComponent_VillainModel/build/Release/CMakeFiles/CMakeTmp']
  ignore line: [Building CXX object CMakeFiles/cmTC_f83e7.dir/CMakeCXXCompilerABI.cpp.o]
  ignore line: [/software/sse/manual/mpprun/4.1.3/nsc-wrappers/c++    -v -o CMakeFiles/cmTC_f83e7.dir/CMakeCXXCompilerABI.cpp.o -c /software/sse/manual/CMake/3.16.5/share/cmake-3.16/Modules/CMakeCXXCompilerABI.cpp]
  ignore line: [Using built-in specs.]
  ignore line: [COLLECT_GCC=/software/sse/easybuild/prefix/software/GCCcore/8.2.0/bin/c++]
  ignore line: [Target: x86_64-pc-linux-gnu]
  ignore line: [Configured with: ../configure --enable-languages=c,c++,fortran --enable-lto --enable-checking=release --disable-multilib --enable-shared=yes --enable-static=yes --enable-threads=posix --enable-plugins --enable-gold=default --enable-ld --with-plugin-ld=ld.gold --prefix=/software/sse/easybuild/prefix/software/GCCcore/8.2.0 --with-local-prefix=/software/sse/easybuild/prefix/software/GCCcore/8.2.0 --enable-bootstrap --with-isl=/tmp/torbenr/GCCcore/8.2.0/dummy-/gcc-8.2.0/stage2_stuff]
  ignore line: [Thread model: posix]
  ignore line: [gcc version 8.2.0 (GCC) ]
  ignore line: [COLLECT_GCC_OPTIONS='-v' '-o' 'CMakeFiles/cmTC_f83e7.dir/CMakeCXXCompilerABI.cpp.o' '-c' '-B' '/software/sse/manual/mpprun/4.1.3/nsc-wrappers/../nsc-wrappers' '-shared-libgcc' '-mtune=generic' '-march=x86-64']
  ignore line: [ /software/sse/easybuild/prefix/software/GCCcore/8.2.0/libexec/gcc/x86_64-pc-linux-gnu/8.2.0/cc1plus -quiet -v -D_GNU_SOURCE /software/sse/manual/CMake/3.16.5/share/cmake-3.16/Modules/CMakeCXXCompilerABI.cpp -quiet -dumpbase CMakeCXXCompilerABI.cpp -mtune=generic -march=x86-64 -auxbase-strip CMakeFiles/cmTC_f83e7.dir/CMakeCXXCompilerABI.cpp.o -version -o /tmp/ccBwHULb.s]
  ignore line: [GNU C++14 (GCC) version 8.2.0 (x86_64-pc-linux-gnu)]
  ignore line: [	compiled by GNU C version 8.2.0  GMP version 6.1.2  MPFR version 4.0.1  MPC version 1.1.0  isl version isl-0.20-GMP]
  ignore line: []
  ignore line: [GGC heuristics: --param ggc-min-expand=100 --param ggc-min-heapsize=131072]
  ignore line: [ignoring nonexistent directory "/software/sse/easybuild/prefix/software/GCCcore/8.2.0/lib/gcc/x86_64-pc-linux-gnu/8.2.0/../../../../x86_64-pc-linux-gnu/include"]
  ignore line: [ignoring duplicate directory "/software/sse/easybuild/prefix/software/GCCcore/8.2.0/include"]
  ignore line: [  as it is a non-system directory that duplicates a system directory]
  ignore line: [#include "..." search starts here:]
  ignore line: [#include <...> search starts here:]
  ignore line: [ /software/sse/easybuild/prefix/software/ScaLAPACK/2.0.2-gompi-2019a-OpenBLAS-0.3.5/include]
  ignore line: [ /software/sse/easybuild/prefix/software/FFTW/3.3.8-gompi-2019a/include]
  ignore line: [ /software/sse/easybuild/prefix/software/OpenBLAS/0.3.5-GCC-8.2.0-2.31.1/include]
  ignore line: [ /software/sse/easybuild/prefix/software/OpenMPI/3.1.3-GCC-8.2.0-2.31.1/include]
  ignore line: [ /software/sse/easybuild/prefix/software/hwloc/1.11.11-GCCcore-8.2.0/include]
  ignore line: [ /software/sse/easybuild/prefix/software/libpciaccess/0.14-GCCcore-8.2.0/include]
  ignore line: [ /software/sse/easybuild/prefix/software/libxml2/2.9.8-GCCcore-8.2.0/include/libxml2]
  ignore line: [ /software/sse/easybuild/prefix/software/libxml2/2.9.8-GCCcore-8.2.0/include]
  ignore line: [ /software/sse/easybuild/prefix/software/XZ/5.2.4-GCCcore-8.2.0/include]
  ignore line: [ /software/sse/easybuild/prefix/software/numactl/2.0.12-GCCcore-8.2.0/include]
  ignore line: [ /software/sse/easybuild/prefix/software/binutils/2.31.1-GCCcore-8.2.0/include]
  ignore line: [ /software/sse/easybuild/prefix/software/zlib/1.2.11-GCCcore-8.2.0/include]
  ignore line: [ /software/sse/easybuild/prefix/software/GCCcore/8.2.0/lib/gcc/x86_64-pc-linux-gnu/8.2.0/../../../../include/c++/8.2.0]
  ignore line: [ /software/sse/easybuild/prefix/software/GCCcore/8.2.0/lib/gcc/x86_64-pc-linux-gnu/8.2.0/../../../../include/c++/8.2.0/x86_64-pc-linux-gnu]
  ignore line: [ /software/sse/easybuild/prefix/software/GCCcore/8.2.0/lib/gcc/x86_64-pc-linux-gnu/8.2.0/../../../../include/c++/8.2.0/backward]
  ignore line: [ /software/sse/easybuild/prefix/software/GCCcore/8.2.0/lib/gcc/x86_64-pc-linux-gnu/8.2.0/include]
  ignore line: [ /software/sse/easybuild/prefix/software/GCCcore/8.2.0/include]
  ignore line: [ /software/sse/easybuild/prefix/software/GCCcore/8.2.0/lib/gcc/x86_64-pc-linux-gnu/8.2.0/include-fixed]
  ignore line: [ /usr/include]
  ignore line: [End of search list.]
  ignore line: [GNU C++14 (GCC) version 8.2.0 (x86_64-pc-linux-gnu)]
  ignore line: [	compiled by GNU C version 8.2.0  GMP version 6.1.2  MPFR version 4.0.1  MPC version 1.1.0  isl version isl-0.20-GMP]
  ignore line: []
  ignore line: [GGC heuristics: --param ggc-min-expand=100 --param ggc-min-heapsize=131072]
  ignore line: [Compiler executable checksum: 3386c79d253f131a549686432f68e9c0]
  ignore line: [COLLECT_GCC_OPTIONS='-v' '-o' 'CMakeFiles/cmTC_f83e7.dir/CMakeCXXCompilerABI.cpp.o' '-c' '-B' '/software/sse/manual/mpprun/4.1.3/nsc-wrappers/../nsc-wrappers' '-shared-libgcc' '-mtune=generic' '-march=x86-64']
  ignore line: [ as -v --64 -o CMakeFiles/cmTC_f83e7.dir/CMakeCXXCompilerABI.cpp.o /tmp/ccBwHULb.s]
  ignore line: [GNU assembler version 2.31.1 (x86_64-pc-linux-gnu) using BFD version (GNU Binutils) 2.31.1]
  ignore line: [COMPILER_PATH=/software/sse/manual/mpprun/4.1.3/nsc-wrappers/../nsc-wrappers/:/software/sse/easybuild/prefix/software/GCCcore/8.2.0/libexec/gcc/x86_64-pc-linux-gnu/8.2.0/:/software/sse/easybuild/prefix/software/GCCcore/8.2.0/libexec/gcc/x86_64-pc-linux-gnu/8.2.0/:/software/sse/easybuild/prefix/software/GCCcore/8.2.0/libexec/gcc/x86_64-pc-linux-gnu/:/software/sse/easybuild/prefix/software/GCCcore/8.2.0/lib/gcc/x86_64-pc-linux-gnu/8.2.0/:/software/sse/easybuild/prefix/software/GCCcore/8.2.0/lib/gcc/x86_64-pc-linux-gnu/]
  ignore line: [LIBRARY_PATH=/software/sse/manual/mpprun/4.1.3/nsc-wrappers/../nsc-wrappers/:/software/sse/easybuild/prefix/software/GCCcore/8.2.0/lib64/../lib64/:/software/sse/easybuild/prefix/software/GCCcore/8.2.0/lib/../lib64/:/software/sse/easybuild/prefix/software/GCCcore/8.2.0/lib/gcc/x86_64-pc-linux-gnu/8.2.0/:/software/sse/easybuild/prefix/software/GCCcore/8.2.0/lib/gcc/x86_64-pc-linux-gnu/8.2.0/../../../../lib64/:/lib/../lib64/:/usr/lib/../lib64/:/software/sse/easybuild/prefix/software/ScaLAPACK/2.0.2-gompi-2019a-OpenBLAS-0.3.5/lib/:/software/sse/easybuild/prefix/software/FFTW/3.3.8-gompi-2019a/lib/:/software/sse/easybuild/prefix/software/OpenBLAS/0.3.5-GCC-8.2.0-2.31.1/lib/:/software/sse/easybuild/prefix/software/OpenMPI/3.1.3-GCC-8.2.0-2.31.1/lib/:/software/sse/easybuild/prefix/software/hwloc/1.11.11-GCCcore-8.2.0/lib/:/software/sse/easybuild/prefix/software/libpciaccess/0.14-GCCcore-8.2.0/lib/:/software/sse/easybuild/prefix/software/libxml2/2.9.8-GCCcore-8.2.0/lib/:/software/sse/easybuild/prefix/software/XZ/5.2.4-GCCcore-8.2.0/lib/:/software/sse/easybuild/prefix/software/numactl/2.0.12-GCCcore-8.2.0/lib/:/software/sse/easybuild/prefix/software/binutils/2.31.1-GCCcore-8.2.0/lib/:/software/sse/easybuild/prefix/software/zlib/1.2.11-GCCcore-8.2.0/lib/:/software/sse/easybuild/prefix/software/GCCcore/8.2.0/lib64/:/software/sse/easybuild/prefix/software/GCCcore/8.2.0/lib/:/software/sse/easybuild/prefix/software/GCCcore/8.2.0/lib/gcc/x86_64-pc-linux-gnu/8.2.0/../../../:/lib/:/usr/lib/]
  ignore line: [COLLECT_GCC_OPTIONS='-v' '-o' 'CMakeFiles/cmTC_f83e7.dir/CMakeCXXCompilerABI.cpp.o' '-c' '-B' '/software/sse/manual/mpprun/4.1.3/nsc-wrappers/../nsc-wrappers' '-shared-libgcc' '-mtune=generic' '-march=x86-64']
  ignore line: [Linking CXX executable cmTC_f83e7]
  ignore line: [/software/sse/manual/CMake/3.16.5/bin/cmake -E cmake_link_script CMakeFiles/cmTC_f83e7.dir/link.txt --verbose=1]
  ignore line: [/software/sse/manual/mpprun/4.1.3/nsc-wrappers/c++      -v CMakeFiles/cmTC_f83e7.dir/CMakeCXXCompilerABI.cpp.o  -o cmTC_f83e7 ]
  ignore line: [Using built-in specs.]
  ignore line: [COLLECT_GCC=/software/sse/easybuild/prefix/software/GCCcore/8.2.0/bin/c++]
  ignore line: [COLLECT_LTO_WRAPPER=/software/sse/easybuild/prefix/software/GCCcore/8.2.0/libexec/gcc/x86_64-pc-linux-gnu/8.2.0/lto-wrapper]
  ignore line: [Target: x86_64-pc-linux-gnu]
  ignore line: [Configured with: ../configure --enable-languages=c,c++,fortran --enable-lto --enable-checking=release --disable-multilib --enable-shared=yes --enable-static=yes --enable-threads=posix --enable-plugins --enable-gold=default --enable-ld --with-plugin-ld=ld.gold --prefix=/software/sse/easybuild/prefix/software/GCCcore/8.2.0 --with-local-prefix=/software/sse/easybuild/prefix/software/GCCcore/8.2.0 --enable-bootstrap --with-isl=/tmp/torbenr/GCCcore/8.2.0/dummy-/gcc-8.2.0/stage2_stuff]
  ignore line: [Thread model: posix]
  ignore line: [gcc version 8.2.0 (GCC) ]
  ignore line: [COMPILER_PATH=/software/sse/manual/mpprun/4.1.3/nsc-wrappers/../nsc-wrappers/:/software/sse/easybuild/prefix/software/GCCcore/8.2.0/libexec/gcc/x86_64-pc-linux-gnu/8.2.0/:/software/sse/easybuild/prefix/software/GCCcore/8.2.0/libexec/gcc/x86_64-pc-linux-gnu/8.2.0/:/software/sse/easybuild/prefix/software/GCCcore/8.2.0/libexec/gcc/x86_64-pc-linux-gnu/:/software/sse/easybuild/prefix/software/GCCcore/8.2.0/lib/gcc/x86_64-pc-linux-gnu/8.2.0/:/software/sse/easybuild/prefix/software/GCCcore/8.2.0/lib/gcc/x86_64-pc-linux-gnu/]
  ignore line: [LIBRARY_PATH=/software/sse/manual/mpprun/4.1.3/nsc-wrappers/../nsc-wrappers/:/software/sse/easybuild/prefix/software/GCCcore/8.2.0/lib64/../lib64/:/software/sse/easybuild/prefix/software/GCCcore/8.2.0/lib/../lib64/:/software/sse/easybuild/prefix/software/GCCcore/8.2.0/lib/gcc/x86_64-pc-linux-gnu/8.2.0/:/software/sse/easybuild/prefix/software/GCCcore/8.2.0/lib/gcc/x86_64-pc-linux-gnu/8.2.0/../../../../lib64/:/lib/../lib64/:/usr/lib/../lib64/:/software/sse/easybuild/prefix/software/ScaLAPACK/2.0.2-gompi-2019a-OpenBLAS-0.3.5/lib/:/software/sse/easybuild/prefix/software/FFTW/3.3.8-gompi-2019a/lib/:/software/sse/easybuild/prefix/software/OpenBLAS/0.3.5-GCC-8.2.0-2.31.1/lib/:/software/sse/easybuild/prefix/software/OpenMPI/3.1.3-GCC-8.2.0-2.31.1/lib/:/software/sse/easybuild/prefix/software/hwloc/1.11.11-GCCcore-8.2.0/lib/:/software/sse/easybuild/prefix/software/libpciaccess/0.14-GCCcore-8.2.0/lib/:/software/sse/easybuild/prefix/software/libxml2/2.9.8-GCCcore-8.2.0/lib/:/software/sse/easybuild/prefix/software/XZ/5.2.4-GCCcore-8.2.0/lib/:/software/sse/easybuild/prefix/software/numactl/2.0.12-GCCcore-8.2.0/lib/:/software/sse/easybuild/prefix/software/binutils/2.31.1-GCCcore-8.2.0/lib/:/software/sse/easybuild/prefix/software/zlib/1.2.11-GCCcore-8.2.0/lib/:/software/sse/easybuild/prefix/software/GCCcore/8.2.0/lib64/:/software/sse/easybuild/prefix/software/GCCcore/8.2.0/lib/:/software/sse/easybuild/prefix/software/GCCcore/8.2.0/lib/gcc/x86_64-pc-linux-gnu/8.2.0/../../../:/lib/:/usr/lib/]
  ignore line: [COLLECT_GCC_OPTIONS='-v' '-o' 'cmTC_f83e7' '-B' '/software/sse/manual/mpprun/4.1.3/nsc-wrappers/../nsc-wrappers' '-shared-libgcc' '-mtune=generic' '-march=x86-64']
  link line: [ /software/sse/easybuild/prefix/software/GCCcore/8.2.0/libexec/gcc/x86_64-pc-linux-gnu/8.2.0/collect2 -plugin /software/sse/easybuild/prefix/software/GCCcore/8.2.0/libexec/gcc/x86_64-pc-linux-gnu/8.2.0/liblto_plugin.so -plugin-opt=/software/sse/easybuild/prefix/software/GCCcore/8.2.0/libexec/gcc/x86_64-pc-linux-gnu/8.2.0/lto-wrapper -plugin-opt=-fresolution=/tmp/ccMCXvVj.res -plugin-opt=-pass-through=-lgcc_s -plugin-opt=-pass-through=-lgcc -plugin-opt=-pass-through=-lc -plugin-opt=-pass-through=-lgcc_s -plugin-opt=-pass-through=-lgcc --eh-frame-hdr -m elf_x86_64 -dynamic-linker /lib64/ld-linux-x86-64.so.2 -o cmTC_f83e7 /lib/../lib64/crt1.o /lib/../lib64/crti.o /software/sse/easybuild/prefix/software/GCCcore/8.2.0/lib/gcc/x86_64-pc-linux-gnu/8.2.0/crtbegin.o -L/software/sse/manual/mpprun/4.1.3/nsc-wrappers/../nsc-wrappers -L/software/sse/easybuild/prefix/software/GCCcore/8.2.0/lib64/../lib64 -L/software/sse/easybuild/prefix/software/GCCcore/8.2.0/lib/../lib64 -L/software/sse/easybuild/prefix/software/GCCcore/8.2.0/lib/gcc/x86_64-pc-linux-gnu/8.2.0 -L/software/sse/easybuild/prefix/software/GCCcore/8.2.0/lib/gcc/x86_64-pc-linux-gnu/8.2.0/../../../../lib64 -L/lib/../lib64 -L/usr/lib/../lib64 -L/software/sse/easybuild/prefix/software/ScaLAPACK/2.0.2-gompi-2019a-OpenBLAS-0.3.5/lib -L/software/sse/easybuild/prefix/software/FFTW/3.3.8-gompi-2019a/lib -L/software/sse/easybuild/prefix/software/OpenBLAS/0.3.5-GCC-8.2.0-2.31.1/lib -L/software/sse/easybuild/prefix/software/OpenMPI/3.1.3-GCC-8.2.0-2.31.1/lib -L/software/sse/easybuild/prefix/software/hwloc/1.11.11-GCCcore-8.2.0/lib -L/software/sse/easybuild/prefix/software/libpciaccess/0.14-GCCcore-8.2.0/lib -L/software/sse/easybuild/prefix/software/libxml2/2.9.8-GCCcore-8.2.0/lib -L/software/sse/easybuild/prefix/software/XZ/5.2.4-GCCcore-8.2.0/lib -L/software/sse/easybuild/prefix/software/numactl/2.0.12-GCCcore-8.2.0/lib -L/software/sse/easybuild/prefix/software/binutils/2.31.1-GCCcore-8.2.0/lib -L/software/sse/easybuild/prefix/software/zlib/1.2.11-GCCcore-8.2.0/lib -L/software/sse/easybuild/prefix/software/GCCcore/8.2.0/lib64 -L/software/sse/easybuild/prefix/software/GCCcore/8.2.0/lib -L/software/sse/easybuild/prefix/software/GCCcore/8.2.0/lib/gcc/x86_64-pc-linux-gnu/8.2.0/../../.. CMakeFiles/cmTC_f83e7.dir/CMakeCXXCompilerABI.cpp.o -lstdc++ -lm -lgcc_s -lgcc -lc -lgcc_s -lgcc /software/sse/easybuild/prefix/software/GCCcore/8.2.0/lib/gcc/x86_64-pc-linux-gnu/8.2.0/crtend.o /lib/../lib64/crtn.o]
    arg [/software/sse/easybuild/prefix/software/GCCcore/8.2.0/libexec/gcc/x86_64-pc-linux-gnu/8.2.0/collect2] ==> ignore
    arg [-plugin] ==> ignore
    arg [/software/sse/easybuild/prefix/software/GCCcore/8.2.0/libexec/gcc/x86_64-pc-linux-gnu/8.2.0/liblto_plugin.so] ==> ignore
    arg [-plugin-opt=/software/sse/easybuild/prefix/software/GCCcore/8.2.0/libexec/gcc/x86_64-pc-linux-gnu/8.2.0/lto-wrapper] ==> ignore
    arg [-plugin-opt=-fresolution=/tmp/ccMCXvVj.res] ==> ignore
    arg [-plugin-opt=-pass-through=-lgcc_s] ==> ignore
    arg [-plugin-opt=-pass-through=-lgcc] ==> ignore
    arg [-plugin-opt=-pass-through=-lc] ==> ignore
    arg [-plugin-opt=-pass-through=-lgcc_s] ==> ignore
    arg [-plugin-opt=-pass-through=-lgcc] ==> ignore
    arg [--eh-frame-hdr] ==> ignore
    arg [-m] ==> ignore
    arg [elf_x86_64] ==> ignore
    arg [-dynamic-linker] ==> ignore
    arg [/lib64/ld-linux-x86-64.so.2] ==> ignore
    arg [-o] ==> ignore
    arg [cmTC_f83e7] ==> ignore
    arg [/lib/../lib64/crt1.o] ==> ignore
    arg [/lib/../lib64/crti.o] ==> ignore
    arg [/software/sse/easybuild/prefix/software/GCCcore/8.2.0/lib/gcc/x86_64-pc-linux-gnu/8.2.0/crtbegin.o] ==> ignore
    arg [-L/software/sse/manual/mpprun/4.1.3/nsc-wrappers/../nsc-wrappers] ==> dir [/software/sse/manual/mpprun/4.1.3/nsc-wrappers/../nsc-wrappers]
    arg [-L/software/sse/easybuild/prefix/software/GCCcore/8.2.0/lib64/../lib64] ==> dir [/software/sse/easybuild/prefix/software/GCCcore/8.2.0/lib64/../lib64]
    arg [-L/software/sse/easybuild/prefix/software/GCCcore/8.2.0/lib/../lib64] ==> dir [/software/sse/easybuild/prefix/software/GCCcore/8.2.0/lib/../lib64]
    arg [-L/software/sse/easybuild/prefix/software/GCCcore/8.2.0/lib/gcc/x86_64-pc-linux-gnu/8.2.0] ==> dir [/software/sse/easybuild/prefix/software/GCCcore/8.2.0/lib/gcc/x86_64-pc-linux-gnu/8.2.0]
    arg [-L/software/sse/easybuild/prefix/software/GCCcore/8.2.0/lib/gcc/x86_64-pc-linux-gnu/8.2.0/../../../../lib64] ==> dir [/software/sse/easybuild/prefix/software/GCCcore/8.2.0/lib/gcc/x86_64-pc-linux-gnu/8.2.0/../../../../lib64]
    arg [-L/lib/../lib64] ==> dir [/lib/../lib64]
    arg [-L/usr/lib/../lib64] ==> dir [/usr/lib/../lib64]
    arg [-L/software/sse/easybuild/prefix/software/ScaLAPACK/2.0.2-gompi-2019a-OpenBLAS-0.3.5/lib] ==> dir [/software/sse/easybuild/prefix/software/ScaLAPACK/2.0.2-gompi-2019a-OpenBLAS-0.3.5/lib]
    arg [-L/software/sse/easybuild/prefix/software/FFTW/3.3.8-gompi-2019a/lib] ==> dir [/software/sse/easybuild/prefix/software/FFTW/3.3.8-gompi-2019a/lib]
    arg [-L/software/sse/easybuild/prefix/software/OpenBLAS/0.3.5-GCC-8.2.0-2.31.1/lib] ==> dir [/software/sse/easybuild/prefix/software/OpenBLAS/0.3.5-GCC-8.2.0-2.31.1/lib]
    arg [-L/software/sse/easybuild/prefix/software/OpenMPI/3.1.3-GCC-8.2.0-2.31.1/lib] ==> dir [/software/sse/easybuild/prefix/software/OpenMPI/3.1.3-GCC-8.2.0-2.31.1/lib]
    arg [-L/software/sse/easybuild/prefix/software/hwloc/1.11.11-GCCcore-8.2.0/lib] ==> dir [/software/sse/easybuild/prefix/software/hwloc/1.11.11-GCCcore-8.2.0/lib]
    arg [-L/software/sse/easybuild/prefix/software/libpciaccess/0.14-GCCcore-8.2.0/lib] ==> dir [/software/sse/easybuild/prefix/software/libpciaccess/0.14-GCCcore-8.2.0/lib]
    arg [-L/software/sse/easybuild/prefix/software/libxml2/2.9.8-GCCcore-8.2.0/lib] ==> dir [/software/sse/easybuild/prefix/software/libxml2/2.9.8-GCCcore-8.2.0/lib]
    arg [-L/software/sse/easybuild/prefix/software/XZ/5.2.4-GCCcore-8.2.0/lib] ==> dir [/software/sse/easybuild/prefix/software/XZ/5.2.4-GCCcore-8.2.0/lib]
    arg [-L/software/sse/easybuild/prefix/software/numactl/2.0.12-GCCcore-8.2.0/lib] ==> dir [/software/sse/easybuild/prefix/software/numactl/2.0.12-GCCcore-8.2.0/lib]
    arg [-L/software/sse/easybuild/prefix/software/binutils/2.31.1-GCCcore-8.2.0/lib] ==> dir [/software/sse/easybuild/prefix/software/binutils/2.31.1-GCCcore-8.2.0/lib]
    arg [-L/software/sse/easybuild/prefix/software/zlib/1.2.11-GCCcore-8.2.0/lib] ==> dir [/software/sse/easybuild/prefix/software/zlib/1.2.11-GCCcore-8.2.0/lib]
    arg [-L/software/sse/easybuild/prefix/software/GCCcore/8.2.0/lib64] ==> dir [/software/sse/easybuild/prefix/software/GCCcore/8.2.0/lib64]
    arg [-L/software/sse/easybuild/prefix/software/GCCcore/8.2.0/lib] ==> dir [/software/sse/easybuild/prefix/software/GCCcore/8.2.0/lib]
    arg [-L/software/sse/easybuild/prefix/software/GCCcore/8.2.0/lib/gcc/x86_64-pc-linux-gnu/8.2.0/../../..] ==> dir [/software/sse/easybuild/prefix/software/GCCcore/8.2.0/lib/gcc/x86_64-pc-linux-gnu/8.2.0/../../..]
    arg [CMakeFiles/cmTC_f83e7.dir/CMakeCXXCompilerABI.cpp.o] ==> ignore
    arg [-lstdc++] ==> lib [stdc++]
    arg [-lm] ==> lib [m]
    arg [-lgcc_s] ==> lib [gcc_s]
    arg [-lgcc] ==> lib [gcc]
    arg [-lc] ==> lib [c]
    arg [-lgcc_s] ==> lib [gcc_s]
    arg [-lgcc] ==> lib [gcc]
    arg [/software/sse/easybuild/prefix/software/GCCcore/8.2.0/lib/gcc/x86_64-pc-linux-gnu/8.2.0/crtend.o] ==> ignore
    arg [/lib/../lib64/crtn.o] ==> ignore
  collapse library dir [/software/sse/manual/mpprun/4.1.3/nsc-wrappers/../nsc-wrappers] ==> [/software/sse/manual/mpprun/4.1.3/nsc-wrappers]
  collapse library dir [/software/sse/easybuild/prefix/software/GCCcore/8.2.0/lib64/../lib64] ==> [/software/sse/easybuild/prefix/software/GCCcore/8.2.0/lib64]
  collapse library dir [/software/sse/easybuild/prefix/software/GCCcore/8.2.0/lib/../lib64] ==> [/software/sse/easybuild/prefix/software/GCCcore/8.2.0/lib64]
  collapse library dir [/software/sse/easybuild/prefix/software/GCCcore/8.2.0/lib/gcc/x86_64-pc-linux-gnu/8.2.0] ==> [/software/sse/easybuild/prefix/software/GCCcore/8.2.0/lib/gcc/x86_64-pc-linux-gnu/8.2.0]
  collapse library dir [/software/sse/easybuild/prefix/software/GCCcore/8.2.0/lib/gcc/x86_64-pc-linux-gnu/8.2.0/../../../../lib64] ==> [/software/sse/easybuild/prefix/software/GCCcore/8.2.0/lib64]
  collapse library dir [/lib/../lib64] ==> [/lib64]
  collapse library dir [/usr/lib/../lib64] ==> [/usr/lib64]
  collapse library dir [/software/sse/easybuild/prefix/software/ScaLAPACK/2.0.2-gompi-2019a-OpenBLAS-0.3.5/lib] ==> [/software/sse/easybuild/prefix/software/ScaLAPACK/2.0.2-gompi-2019a-OpenBLAS-0.3.5/lib]
  collapse library dir [/software/sse/easybuild/prefix/software/FFTW/3.3.8-gompi-2019a/lib] ==> [/software/sse/easybuild/prefix/software/FFTW/3.3.8-gompi-2019a/lib]
  collapse library dir [/software/sse/easybuild/prefix/software/OpenBLAS/0.3.5-GCC-8.2.0-2.31.1/lib] ==> [/software/sse/easybuild/prefix/software/OpenBLAS/0.3.5-GCC-8.2.0-2.31.1/lib]
  collapse library dir [/software/sse/easybuild/prefix/software/OpenMPI/3.1.3-GCC-8.2.0-2.31.1/lib] ==> [/software/sse/easybuild/prefix/software/OpenMPI/3.1.3-GCC-8.2.0-2.31.1/lib]
  collapse library dir [/software/sse/easybuild/prefix/software/hwloc/1.11.11-GCCcore-8.2.0/lib] ==> [/software/sse/easybuild/prefix/software/hwloc/1.11.11-GCCcore-8.2.0/lib]
  collapse library dir [/software/sse/easybuild/prefix/software/libpciaccess/0.14-GCCcore-8.2.0/lib] ==> [/software/sse/easybuild/prefix/software/libpciaccess/0.14-GCCcore-8.2.0/lib]
  collapse library dir [/software/sse/easybuild/prefix/software/libxml2/2.9.8-GCCcore-8.2.0/lib] ==> [/software/sse/easybuild/prefix/software/libxml2/2.9.8-GCCcore-8.2.0/lib]
  collapse library dir [/software/sse/easybuild/prefix/software/XZ/5.2.4-GCCcore-8.2.0/lib] ==> [/software/sse/easybuild/prefix/software/XZ/5.2.4-GCCcore-8.2.0/lib]
  collapse library dir [/software/sse/easybuild/prefix/software/numactl/2.0.12-GCCcore-8.2.0/lib] ==> [/software/sse/easybuild/prefix/software/numactl/2.0.12-GCCcore-8.2.0/lib]
  collapse library dir [/software/sse/easybuild/prefix/software/binutils/2.31.1-GCCcore-8.2.0/lib] ==> [/software/sse/easybuild/prefix/software/binutils/2.31.1-GCCcore-8.2.0/lib]
  collapse library dir [/software/sse/easybuild/prefix/software/zlib/1.2.11-GCCcore-8.2.0/lib] ==> [/software/sse/easybuild/prefix/software/zlib/1.2.11-GCCcore-8.2.0/lib]
  collapse library dir [/software/sse/easybuild/prefix/software/GCCcore/8.2.0/lib64] ==> [/software/sse/easybuild/prefix/software/GCCcore/8.2.0/lib64]
  collapse library dir [/software/sse/easybuild/prefix/software/GCCcore/8.2.0/lib] ==> [/software/sse/easybuild/prefix/software/GCCcore/8.2.0/lib]
  collapse library dir [/software/sse/easybuild/prefix/software/GCCcore/8.2.0/lib/gcc/x86_64-pc-linux-gnu/8.2.0/../../..] ==> [/software/sse/easybuild/prefix/software/GCCcore/8.2.0/lib]
  implicit libs: [stdc++;m;gcc_s;gcc;c;gcc_s;gcc]
  implicit dirs: [/software/sse/manual/mpprun/4.1.3/nsc-wrappers;/software/sse/easybuild/prefix/software/GCCcore/8.2.0/lib64;/software/sse/easybuild/prefix/software/GCCcore/8.2.0/lib/gcc/x86_64-pc-linux-gnu/8.2.0;/lib64;/usr/lib64;/software/sse/easybuild/prefix/software/ScaLAPACK/2.0.2-gompi-2019a-OpenBLAS-0.3.5/lib;/software/sse/easybuild/prefix/software/FFTW/3.3.8-gompi-2019a/lib;/software/sse/easybuild/prefix/software/OpenBLAS/0.3.5-GCC-8.2.0-2.31.1/lib;/software/sse/easybuild/prefix/software/OpenMPI/3.1.3-GCC-8.2.0-2.31.1/lib;/software/sse/easybuild/prefix/software/hwloc/1.11.11-GCCcore-8.2.0/lib;/software/sse/easybuild/prefix/software/libpciaccess/0.14-GCCcore-8.2.0/lib;/software/sse/easybuild/prefix/software/libxml2/2.9.8-GCCcore-8.2.0/lib;/software/sse/easybuild/prefix/software/XZ/5.2.4-GCCcore-8.2.0/lib;/software/sse/easybuild/prefix/software/numactl/2.0.12-GCCcore-8.2.0/lib;/software/sse/easybuild/prefix/software/binutils/2.31.1-GCCcore-8.2.0/lib;/software/sse/easybuild/prefix/software/zlib/1.2.11-GCCcore-8.2.0/lib;/software/sse/easybuild/prefix/software/GCCcore/8.2.0/lib]
  implicit fwks: []


Determining if the include file pthread.h exists passed with the following output:
Change Dir: /home/x_ilama/MultiComponent_VillainModel/build/Release/CMakeFiles/CMakeTmp

Run Build Command(s):/usr/bin/gmake cmTC_4ecd3/fast && /usr/bin/gmake -f CMakeFiles/cmTC_4ecd3.dir/build.make CMakeFiles/cmTC_4ecd3.dir/build
gmake[1]: Entering directory `/home/x_ilama/MultiComponent_VillainModel/build/Release/CMakeFiles/CMakeTmp'
Building CXX object CMakeFiles/cmTC_4ecd3.dir/CheckIncludeFile.cxx.o
/software/sse/manual/mpprun/4.1.3/nsc-wrappers/c++    -march=native -mtune=native  -fPIE   -std=c++17 -o CMakeFiles/cmTC_4ecd3.dir/CheckIncludeFile.cxx.o -c /home/x_ilama/MultiComponent_VillainModel/build/Release/CMakeFiles/CMakeTmp/CheckIncludeFile.cxx
Linking CXX executable cmTC_4ecd3
/software/sse/manual/CMake/3.16.5/bin/cmake -E cmake_link_script CMakeFiles/cmTC_4ecd3.dir/link.txt --verbose=1
/software/sse/manual/mpprun/4.1.3/nsc-wrappers/c++  -march=native -mtune=native     CMakeFiles/cmTC_4ecd3.dir/CheckIncludeFile.cxx.o  -o cmTC_4ecd3 
gmake[1]: Leaving directory `/home/x_ilama/MultiComponent_VillainModel/build/Release/CMakeFiles/CMakeTmp'



Determining if the function pthread_create exists in the pthread passed with the following output:
Change Dir: /home/x_ilama/MultiComponent_VillainModel/build/Release/CMakeFiles/CMakeTmp

Run Build Command(s):/usr/bin/gmake cmTC_1bf11/fast && /usr/bin/gmake -f CMakeFiles/cmTC_1bf11.dir/build.make CMakeFiles/cmTC_1bf11.dir/build
gmake[1]: Entering directory `/home/x_ilama/MultiComponent_VillainModel/build/Release/CMakeFiles/CMakeTmp'
Building CXX object CMakeFiles/cmTC_1bf11.dir/CheckFunctionExists.cxx.o
/software/sse/manual/mpprun/4.1.3/nsc-wrappers/c++    -march=native -mtune=native -DCHECK_FUNCTION_EXISTS=pthread_create -fPIE   -std=c++17 -o CMakeFiles/cmTC_1bf11.dir/CheckFunctionExists.cxx.o -c /home/x_ilama/MultiComponent_VillainModel/build/Release/CMakeFiles/CheckLibraryExists/CheckFunctionExists.cxx
Linking CXX executable cmTC_1bf11
/software/sse/manual/CMake/3.16.5/bin/cmake -E cmake_link_script CMakeFiles/cmTC_1bf11.dir/link.txt --verbose=1
/software/sse/manual/mpprun/4.1.3/nsc-wrappers/c++  -march=native -mtune=native -DCHECK_FUNCTION_EXISTS=pthread_create    CMakeFiles/cmTC_1bf11.dir/CheckFunctionExists.cxx.o  -o cmTC_1bf11  -lpthread 
gmake[1]: Leaving directory `/home/x_ilama/MultiComponent_VillainModel/build/Release/CMakeFiles/CMakeTmp'



Detecting CXX OpenMP compiler ABI info compiled with the following output:
Change Dir: /home/x_ilama/MultiComponent_VillainModel/build/Release/CMakeFiles/CMakeTmp

Run Build Command(s):/usr/bin/gmake cmTC_040fa/fast && /usr/bin/gmake -f CMakeFiles/cmTC_040fa.dir/build.make CMakeFiles/cmTC_040fa.dir/build
gmake[1]: Entering directory `/home/x_ilama/MultiComponent_VillainModel/build/Release/CMakeFiles/CMakeTmp'
Building CXX object CMakeFiles/cmTC_040fa.dir/OpenMPTryFlag.cpp.o
/software/sse/manual/mpprun/4.1.3/nsc-wrappers/c++    -march=native -mtune=native -fopenmp -v -fPIE   -std=c++17 -o CMakeFiles/cmTC_040fa.dir/OpenMPTryFlag.cpp.o -c /home/x_ilama/MultiComponent_VillainModel/build/Release/CMakeFiles/FindOpenMP/OpenMPTryFlag.cpp
Using built-in specs.
COLLECT_GCC=/software/sse/easybuild/prefix/software/GCCcore/8.2.0/bin/c++
Target: x86_64-pc-linux-gnu
Configured with: ../configure --enable-languages=c,c++,fortran --enable-lto --enable-checking=release --disable-multilib --enable-shared=yes --enable-static=yes --enable-threads=posix --enable-plugins --enable-gold=default --enable-ld --with-plugin-ld=ld.gold --prefix=/software/sse/easybuild/prefix/software/GCCcore/8.2.0 --with-local-prefix=/software/sse/easybuild/prefix/software/GCCcore/8.2.0 --enable-bootstrap --with-isl=/tmp/torbenr/GCCcore/8.2.0/dummy-/gcc-8.2.0/stage2_stuff
Thread model: posix
gcc version 8.2.0 (GCC) 
COLLECT_GCC_OPTIONS='-march=native' '-mtune=native' '-fopenmp' '-v' '-fPIE' '-std=c++17' '-o' 'CMakeFiles/cmTC_040fa.dir/OpenMPTryFlag.cpp.o' '-c' '-B' '/software/sse/manual/mpprun/4.1.3/nsc-wrappers/../nsc-wrappers' '-shared-libgcc' '-pthread'
 /software/sse/easybuild/prefix/software/GCCcore/8.2.0/libexec/gcc/x86_64-pc-linux-gnu/8.2.0/cc1plus -quiet -v -D_GNU_SOURCE -D_REENTRANT /home/x_ilama/MultiComponent_VillainModel/build/Release/CMakeFiles/FindOpenMP/OpenMPTryFlag.cpp -march=skylake-avx512 -mmmx -mno-3dnow -msse -msse2 -msse3 -mssse3 -mno-sse4a -mcx16 -msahf -mmovbe -maes -mno-sha -mpclmul -mpopcnt -mabm -mno-lwp -mfma -mno-fma4 -mno-xop -mbmi -mno-sgx -mbmi2 -mno-pconfig -mno-wbnoinvd -mno-tbm -mavx -mavx2 -msse4.2 -msse4.1 -mlzcnt -mrtm -mhle -mrdrnd -mf16c -mfsgsbase -mrdseed -mprfchw -madx -mfxsr -mxsave -mxsaveopt -mavx512f -mno-avx512er -mavx512cd -mno-avx512pf -mno-prefetchwt1 -mclflushopt -mxsavec -mxsaves -mavx512dq -mavx512bw -mavx512vl -mno-avx512ifma -mno-avx512vbmi -mno-avx5124fmaps -mno-avx5124vnniw -mclwb -mno-mwaitx -mno-clzero -mpku -mno-rdpid -mno-gfni -mno-shstk -mno-avx512vbmi2 -mno-avx512vnni -mno-vaes -mno-vpclmulqdq -mno-avx512bitalg -mno-movdiri -mno-movdir64b --param l1-cache-size=32 --param l1-cache-line-size=64 --param l2-cache-size=22528 -mtune=skylake-avx512 -quiet -dumpbase OpenMPTryFlag.cpp -auxbase-strip CMakeFiles/cmTC_040fa.dir/OpenMPTryFlag.cpp.o -std=c++17 -version -fopenmp -fPIE -o /tmp/cczcE0Gr.s
GNU C++17 (GCC) version 8.2.0 (x86_64-pc-linux-gnu)
	compiled by GNU C version 8.2.0, GMP version 6.1.2, MPFR version 4.0.1, MPC version 1.1.0, isl version isl-0.20-GMP

GGC heuristics: --param ggc-min-expand=100 --param ggc-min-heapsize=131072
ignoring nonexistent directory "/software/sse/easybuild/prefix/software/GCCcore/8.2.0/lib/gcc/x86_64-pc-linux-gnu/8.2.0/../../../../x86_64-pc-linux-gnu/include"
ignoring duplicate directory "/software/sse/easybuild/prefix/software/GCCcore/8.2.0/include"
  as it is a non-system directory that duplicates a system directory
#include "..." search starts here:
#include <...> search starts here:
 /software/sse/easybuild/prefix/software/ScaLAPACK/2.0.2-gompi-2019a-OpenBLAS-0.3.5/include
 /software/sse/easybuild/prefix/software/FFTW/3.3.8-gompi-2019a/include
 /software/sse/easybuild/prefix/software/OpenBLAS/0.3.5-GCC-8.2.0-2.31.1/include
 /software/sse/easybuild/prefix/software/OpenMPI/3.1.3-GCC-8.2.0-2.31.1/include
 /software/sse/easybuild/prefix/software/hwloc/1.11.11-GCCcore-8.2.0/include
 /software/sse/easybuild/prefix/software/libpciaccess/0.14-GCCcore-8.2.0/include
 /software/sse/easybuild/prefix/software/libxml2/2.9.8-GCCcore-8.2.0/include/libxml2
 /software/sse/easybuild/prefix/software/libxml2/2.9.8-GCCcore-8.2.0/include
 /software/sse/easybuild/prefix/software/XZ/5.2.4-GCCcore-8.2.0/include
 /software/sse/easybuild/prefix/software/numactl/2.0.12-GCCcore-8.2.0/include
 /software/sse/easybuild/prefix/software/binutils/2.31.1-GCCcore-8.2.0/include
 /software/sse/easybuild/prefix/software/zlib/1.2.11-GCCcore-8.2.0/include
 /software/sse/easybuild/prefix/software/GCCcore/8.2.0/lib/gcc/x86_64-pc-linux-gnu/8.2.0/../../../../include/c++/8.2.0
 /software/sse/easybuild/prefix/software/GCCcore/8.2.0/lib/gcc/x86_64-pc-linux-gnu/8.2.0/../../../../include/c++/8.2.0/x86_64-pc-linux-gnu
 /software/sse/easybuild/prefix/software/GCCcore/8.2.0/lib/gcc/x86_64-pc-linux-gnu/8.2.0/../../../../include/c++/8.2.0/backward
 /software/sse/easybuild/prefix/software/GCCcore/8.2.0/lib/gcc/x86_64-pc-linux-gnu/8.2.0/include
 /software/sse/easybuild/prefix/software/GCCcore/8.2.0/include
 /software/sse/easybuild/prefix/software/GCCcore/8.2.0/lib/gcc/x86_64-pc-linux-gnu/8.2.0/include-fixed
 /usr/include
End of search list.
GNU C++17 (GCC) version 8.2.0 (x86_64-pc-linux-gnu)
	compiled by GNU C version 8.2.0, GMP version 6.1.2, MPFR version 4.0.1, MPC version 1.1.0, isl version isl-0.20-GMP

GGC heuristics: --param ggc-min-expand=100 --param ggc-min-heapsize=131072
Compiler executable checksum: 3386c79d253f131a549686432f68e9c0
COLLECT_GCC_OPTIONS='-march=native' '-mtune=native' '-fopenmp' '-v' '-fPIE' '-std=c++17' '-o' 'CMakeFiles/cmTC_040fa.dir/OpenMPTryFlag.cpp.o' '-c' '-B' '/software/sse/manual/mpprun/4.1.3/nsc-wrappers/../nsc-wrappers' '-shared-libgcc' '-pthread'
 as -v --64 -o CMakeFiles/cmTC_040fa.dir/OpenMPTryFlag.cpp.o /tmp/cczcE0Gr.s
GNU assembler version 2.31.1 (x86_64-pc-linux-gnu) using BFD version (GNU Binutils) 2.31.1
COMPILER_PATH=/software/sse/manual/mpprun/4.1.3/nsc-wrappers/../nsc-wrappers/:/software/sse/easybuild/prefix/software/GCCcore/8.2.0/libexec/gcc/x86_64-pc-linux-gnu/8.2.0/:/software/sse/easybuild/prefix/software/GCCcore/8.2.0/libexec/gcc/x86_64-pc-linux-gnu/8.2.0/:/software/sse/easybuild/prefix/software/GCCcore/8.2.0/libexec/gcc/x86_64-pc-linux-gnu/:/software/sse/easybuild/prefix/software/GCCcore/8.2.0/lib/gcc/x86_64-pc-linux-gnu/8.2.0/:/software/sse/easybuild/prefix/software/GCCcore/8.2.0/lib/gcc/x86_64-pc-linux-gnu/
LIBRARY_PATH=/software/sse/manual/mpprun/4.1.3/nsc-wrappers/../nsc-wrappers/:/software/sse/easybuild/prefix/software/GCCcore/8.2.0/lib64/../lib64/:/software/sse/easybuild/prefix/software/GCCcore/8.2.0/lib/../lib64/:/software/sse/easybuild/prefix/software/GCCcore/8.2.0/lib/gcc/x86_64-pc-linux-gnu/8.2.0/:/software/sse/easybuild/prefix/software/GCCcore/8.2.0/lib/gcc/x86_64-pc-linux-gnu/8.2.0/../../../../lib64/:/lib/../lib64/:/usr/lib/../lib64/:/software/sse/easybuild/prefix/software/ScaLAPACK/2.0.2-gompi-2019a-OpenBLAS-0.3.5/lib/:/software/sse/easybuild/prefix/software/FFTW/3.3.8-gompi-2019a/lib/:/software/sse/easybuild/prefix/software/OpenBLAS/0.3.5-GCC-8.2.0-2.31.1/lib/:/software/sse/easybuild/prefix/software/OpenMPI/3.1.3-GCC-8.2.0-2.31.1/lib/:/software/sse/easybuild/prefix/software/hwloc/1.11.11-GCCcore-8.2.0/lib/:/software/sse/easybuild/prefix/software/libpciaccess/0.14-GCCcore-8.2.0/lib/:/software/sse/easybuild/prefix/software/libxml2/2.9.8-GCCcore-8.2.0/lib/:/software/sse/easybuild/prefix/software/XZ/5.2.4-GCCcore-8.2.0/lib/:/software/sse/easybuild/prefix/software/numactl/2.0.12-GCCcore-8.2.0/lib/:/software/sse/easybuild/prefix/software/binutils/2.31.1-GCCcore-8.2.0/lib/:/software/sse/easybuild/prefix/software/zlib/1.2.11-GCCcore-8.2.0/lib/:/software/sse/easybuild/prefix/software/GCCcore/8.2.0/lib64/:/software/sse/easybuild/prefix/software/GCCcore/8.2.0/lib/:/software/sse/easybuild/prefix/software/GCCcore/8.2.0/lib/gcc/x86_64-pc-linux-gnu/8.2.0/../../../:/lib/:/usr/lib/
COLLECT_GCC_OPTIONS='-march=native' '-mtune=native' '-fopenmp' '-v' '-fPIE' '-std=c++17' '-o' 'CMakeFiles/cmTC_040fa.dir/OpenMPTryFlag.cpp.o' '-c' '-B' '/software/sse/manual/mpprun/4.1.3/nsc-wrappers/../nsc-wrappers' '-shared-libgcc' '-pthread'
Linking CXX executable cmTC_040fa
/software/sse/manual/CMake/3.16.5/bin/cmake -E cmake_link_script CMakeFiles/cmTC_040fa.dir/link.txt --verbose=1
/software/sse/manual/mpprun/4.1.3/nsc-wrappers/c++  -march=native -mtune=native -fopenmp -v    CMakeFiles/cmTC_040fa.dir/OpenMPTryFlag.cpp.o  -o cmTC_040fa  -v 
Using built-in specs.
COLLECT_GCC=/software/sse/easybuild/prefix/software/GCCcore/8.2.0/bin/c++
COLLECT_LTO_WRAPPER=/software/sse/easybuild/prefix/software/GCCcore/8.2.0/libexec/gcc/x86_64-pc-linux-gnu/8.2.0/lto-wrapper
Target: x86_64-pc-linux-gnu
Configured with: ../configure --enable-languages=c,c++,fortran --enable-lto --enable-checking=release --disable-multilib --enable-shared=yes --enable-static=yes --enable-threads=posix --enable-plugins --enable-gold=default --enable-ld --with-plugin-ld=ld.gold --prefix=/software/sse/easybuild/prefix/software/GCCcore/8.2.0 --with-local-prefix=/software/sse/easybuild/prefix/software/GCCcore/8.2.0 --enable-bootstrap --with-isl=/tmp/torbenr/GCCcore/8.2.0/dummy-/gcc-8.2.0/stage2_stuff
Thread model: posix
gcc version 8.2.0 (GCC) 
COMPILER_PATH=/software/sse/manual/mpprun/4.1.3/nsc-wrappers/../nsc-wrappers/:/software/sse/easybuild/prefix/software/GCCcore/8.2.0/libexec/gcc/x86_64-pc-linux-gnu/8.2.0/:/software/sse/easybuild/prefix/software/GCCcore/8.2.0/libexec/gcc/x86_64-pc-linux-gnu/8.2.0/:/software/sse/easybuild/prefix/software/GCCcore/8.2.0/libexec/gcc/x86_64-pc-linux-gnu/:/software/sse/easybuild/prefix/software/GCCcore/8.2.0/lib/gcc/x86_64-pc-linux-gnu/8.2.0/:/software/sse/easybuild/prefix/software/GCCcore/8.2.0/lib/gcc/x86_64-pc-linux-gnu/
LIBRARY_PATH=/software/sse/manual/mpprun/4.1.3/nsc-wrappers/../nsc-wrappers/:/software/sse/easybuild/prefix/software/GCCcore/8.2.0/lib64/../lib64/:/software/sse/easybuild/prefix/software/GCCcore/8.2.0/lib/../lib64/:/software/sse/easybuild/prefix/software/GCCcore/8.2.0/lib/gcc/x86_64-pc-linux-gnu/8.2.0/:/software/sse/easybuild/prefix/software/GCCcore/8.2.0/lib/gcc/x86_64-pc-linux-gnu/8.2.0/../../../../lib64/:/lib/../lib64/:/usr/lib/../lib64/:/software/sse/easybuild/prefix/software/ScaLAPACK/2.0.2-gompi-2019a-OpenBLAS-0.3.5/lib/:/software/sse/easybuild/prefix/software/FFTW/3.3.8-gompi-2019a/lib/:/software/sse/easybuild/prefix/software/OpenBLAS/0.3.5-GCC-8.2.0-2.31.1/lib/:/software/sse/easybuild/prefix/software/OpenMPI/3.1.3-GCC-8.2.0-2.31.1/lib/:/software/sse/easybuild/prefix/software/hwloc/1.11.11-GCCcore-8.2.0/lib/:/software/sse/easybuild/prefix/software/libpciaccess/0.14-GCCcore-8.2.0/lib/:/software/sse/easybuild/prefix/software/libxml2/2.9.8-GCCcore-8.2.0/lib/:/software/sse/easybuild/prefix/software/XZ/5.2.4-GCCcore-8.2.0/lib/:/software/sse/easybuild/prefix/software/numactl/2.0.12-GCCcore-8.2.0/lib/:/software/sse/easybuild/prefix/software/binutils/2.31.1-GCCcore-8.2.0/lib/:/software/sse/easybuild/prefix/software/zlib/1.2.11-GCCcore-8.2.0/lib/:/software/sse/easybuild/prefix/software/GCCcore/8.2.0/lib64/:/software/sse/easybuild/prefix/software/GCCcore/8.2.0/lib/:/software/sse/easybuild/prefix/software/GCCcore/8.2.0/lib/gcc/x86_64-pc-linux-gnu/8.2.0/../../../:/lib/:/usr/lib/
Reading specs from /software/sse/easybuild/prefix/software/GCCcore/8.2.0/lib64/../lib64/libgomp.spec
COLLECT_GCC_OPTIONS='-march=native' '-mtune=native' '-fopenmp' '-v' '-o' 'cmTC_040fa' '-v' '-B' '/software/sse/manual/mpprun/4.1.3/nsc-wrappers/../nsc-wrappers' '-shared-libgcc' '-pthread'
 /software/sse/easybuild/prefix/software/GCCcore/8.2.0/libexec/gcc/x86_64-pc-linux-gnu/8.2.0/collect2 -plugin /software/sse/easybuild/prefix/software/GCCcore/8.2.0/libexec/gcc/x86_64-pc-linux-gnu/8.2.0/liblto_plugin.so -plugin-opt=/software/sse/easybuild/prefix/software/GCCcore/8.2.0/libexec/gcc/x86_64-pc-linux-gnu/8.2.0/lto-wrapper -plugin-opt=-fresolution=/tmp/ccAGMfKB.res -plugin-opt=-pass-through=-lgcc_s -plugin-opt=-pass-through=-lgcc -plugin-opt=-pass-through=-lpthread -plugin-opt=-pass-through=-lc -plugin-opt=-pass-through=-lgcc_s -plugin-opt=-pass-through=-lgcc --eh-frame-hdr -m elf_x86_64 -dynamic-linker /lib64/ld-linux-x86-64.so.2 -o cmTC_040fa /lib/../lib64/crt1.o /lib/../lib64/crti.o /software/sse/easybuild/prefix/software/GCCcore/8.2.0/lib/gcc/x86_64-pc-linux-gnu/8.2.0/crtbegin.o -L/software/sse/manual/mpprun/4.1.3/nsc-wrappers/../nsc-wrappers -L/software/sse/easybuild/prefix/software/GCCcore/8.2.0/lib64/../lib64 -L/software/sse/easybuild/prefix/software/GCCcore/8.2.0/lib/../lib64 -L/software/sse/easybuild/prefix/software/GCCcore/8.2.0/lib/gcc/x86_64-pc-linux-gnu/8.2.0 -L/software/sse/easybuild/prefix/software/GCCcore/8.2.0/lib/gcc/x86_64-pc-linux-gnu/8.2.0/../../../../lib64 -L/lib/../lib64 -L/usr/lib/../lib64 -L/software/sse/easybuild/prefix/software/ScaLAPACK/2.0.2-gompi-2019a-OpenBLAS-0.3.5/lib -L/software/sse/easybuild/prefix/software/FFTW/3.3.8-gompi-2019a/lib -L/software/sse/easybuild/prefix/software/OpenBLAS/0.3.5-GCC-8.2.0-2.31.1/lib -L/software/sse/easybuild/prefix/software/OpenMPI/3.1.3-GCC-8.2.0-2.31.1/lib -L/software/sse/easybuild/prefix/software/hwloc/1.11.11-GCCcore-8.2.0/lib -L/software/sse/easybuild/prefix/software/libpciaccess/0.14-GCCcore-8.2.0/lib -L/software/sse/easybuild/prefix/software/libxml2/2.9.8-GCCcore-8.2.0/lib -L/software/sse/easybuild/prefix/software/XZ/5.2.4-GCCcore-8.2.0/lib -L/software/sse/easybuild/prefix/software/numactl/2.0.12-GCCcore-8.2.0/lib -L/software/sse/easybuild/prefix/software/binutils/2.31.1-GCCcore-8.2.0/lib -L/software/sse/easybuild/prefix/software/zlib/1.2.11-GCCcore-8.2.0/lib -L/software/sse/easybuild/prefix/software/GCCcore/8.2.0/lib64 -L/software/sse/easybuild/prefix/software/GCCcore/8.2.0/lib -L/software/sse/easybuild/prefix/software/GCCcore/8.2.0/lib/gcc/x86_64-pc-linux-gnu/8.2.0/../../.. CMakeFiles/cmTC_040fa.dir/OpenMPTryFlag.cpp.o -lstdc++ -lm -lgomp -lgcc_s -lgcc -lpthread -lc -lgcc_s -lgcc /software/sse/easybuild/prefix/software/GCCcore/8.2.0/lib/gcc/x86_64-pc-linux-gnu/8.2.0/crtend.o /lib/../lib64/crtn.o
COLLECT_GCC_OPTIONS='-march=native' '-mtune=native' '-fopenmp' '-v' '-o' 'cmTC_040fa' '-v' '-B' '/software/sse/manual/mpprun/4.1.3/nsc-wrappers/../nsc-wrappers' '-shared-libgcc' '-pthread'
gmake[1]: Leaving directory `/home/x_ilama/MultiComponent_VillainModel/build/Release/CMakeFiles/CMakeTmp'



Parsed CXX OpenMP implicit link information from above output:
  link line regex: [^( *|.*[/\])(ld|CMAKE_LINK_STARTFILE-NOTFOUND|([^/\]+-)?ld|collect2)[^/\]*( |$)]
  ignore line: [Change Dir: /home/x_ilama/MultiComponent_VillainModel/build/Release/CMakeFiles/CMakeTmp]
  ignore line: []
  ignore line: [Run Build Command(s):/usr/bin/gmake cmTC_040fa/fast && /usr/bin/gmake -f CMakeFiles/cmTC_040fa.dir/build.make CMakeFiles/cmTC_040fa.dir/build]
  ignore line: [gmake[1]: Entering directory `/home/x_ilama/MultiComponent_VillainModel/build/Release/CMakeFiles/CMakeTmp']
  ignore line: [Building CXX object CMakeFiles/cmTC_040fa.dir/OpenMPTryFlag.cpp.o]
  ignore line: [/software/sse/manual/mpprun/4.1.3/nsc-wrappers/c++    -march=native -mtune=native -fopenmp -v -fPIE   -std=c++17 -o CMakeFiles/cmTC_040fa.dir/OpenMPTryFlag.cpp.o -c /home/x_ilama/MultiComponent_VillainModel/build/Release/CMakeFiles/FindOpenMP/OpenMPTryFlag.cpp]
  ignore line: [Using built-in specs.]
  ignore line: [COLLECT_GCC=/software/sse/easybuild/prefix/software/GCCcore/8.2.0/bin/c++]
  ignore line: [Target: x86_64-pc-linux-gnu]
  ignore line: [Configured with: ../configure --enable-languages=c,c++,fortran --enable-lto --enable-checking=release --disable-multilib --enable-shared=yes --enable-static=yes --enable-threads=posix --enable-plugins --enable-gold=default --enable-ld --with-plugin-ld=ld.gold --prefix=/software/sse/easybuild/prefix/software/GCCcore/8.2.0 --with-local-prefix=/software/sse/easybuild/prefix/software/GCCcore/8.2.0 --enable-bootstrap --with-isl=/tmp/torbenr/GCCcore/8.2.0/dummy-/gcc-8.2.0/stage2_stuff]
  ignore line: [Thread model: posix]
  ignore line: [gcc version 8.2.0 (GCC) ]
  ignore line: [COLLECT_GCC_OPTIONS='-march=native' '-mtune=native' '-fopenmp' '-v' '-fPIE' '-std=c++17' '-o' 'CMakeFiles/cmTC_040fa.dir/OpenMPTryFlag.cpp.o' '-c' '-B' '/software/sse/manual/mpprun/4.1.3/nsc-wrappers/../nsc-wrappers' '-shared-libgcc' '-pthread']
  ignore line: [ /software/sse/easybuild/prefix/software/GCCcore/8.2.0/libexec/gcc/x86_64-pc-linux-gnu/8.2.0/cc1plus -quiet -v -D_GNU_SOURCE -D_REENTRANT /home/x_ilama/MultiComponent_VillainModel/build/Release/CMakeFiles/FindOpenMP/OpenMPTryFlag.cpp -march=skylake-avx512 -mmmx -mno-3dnow -msse -msse2 -msse3 -mssse3 -mno-sse4a -mcx16 -msahf -mmovbe -maes -mno-sha -mpclmul -mpopcnt -mabm -mno-lwp -mfma -mno-fma4 -mno-xop -mbmi -mno-sgx -mbmi2 -mno-pconfig -mno-wbnoinvd -mno-tbm -mavx -mavx2 -msse4.2 -msse4.1 -mlzcnt -mrtm -mhle -mrdrnd -mf16c -mfsgsbase -mrdseed -mprfchw -madx -mfxsr -mxsave -mxsaveopt -mavx512f -mno-avx512er -mavx512cd -mno-avx512pf -mno-prefetchwt1 -mclflushopt -mxsavec -mxsaves -mavx512dq -mavx512bw -mavx512vl -mno-avx512ifma -mno-avx512vbmi -mno-avx5124fmaps -mno-avx5124vnniw -mclwb -mno-mwaitx -mno-clzero -mpku -mno-rdpid -mno-gfni -mno-shstk -mno-avx512vbmi2 -mno-avx512vnni -mno-vaes -mno-vpclmulqdq -mno-avx512bitalg -mno-movdiri -mno-movdir64b --param l1-cache-size=32 --param l1-cache-line-size=64 --param l2-cache-size=22528 -mtune=skylake-avx512 -quiet -dumpbase OpenMPTryFlag.cpp -auxbase-strip CMakeFiles/cmTC_040fa.dir/OpenMPTryFlag.cpp.o -std=c++17 -version -fopenmp -fPIE -o /tmp/cczcE0Gr.s]
  ignore line: [GNU C++17 (GCC) version 8.2.0 (x86_64-pc-linux-gnu)]
  ignore line: [	compiled by GNU C version 8.2.0  GMP version 6.1.2  MPFR version 4.0.1  MPC version 1.1.0  isl version isl-0.20-GMP]
  ignore line: []
  ignore line: [GGC heuristics: --param ggc-min-expand=100 --param ggc-min-heapsize=131072]
  ignore line: [ignoring nonexistent directory "/software/sse/easybuild/prefix/software/GCCcore/8.2.0/lib/gcc/x86_64-pc-linux-gnu/8.2.0/../../../../x86_64-pc-linux-gnu/include"]
  ignore line: [ignoring duplicate directory "/software/sse/easybuild/prefix/software/GCCcore/8.2.0/include"]
  ignore line: [  as it is a non-system directory that duplicates a system directory]
  ignore line: [#include "..." search starts here:]
  ignore line: [#include <...> search starts here:]
  ignore line: [ /software/sse/easybuild/prefix/software/ScaLAPACK/2.0.2-gompi-2019a-OpenBLAS-0.3.5/include]
  ignore line: [ /software/sse/easybuild/prefix/software/FFTW/3.3.8-gompi-2019a/include]
  ignore line: [ /software/sse/easybuild/prefix/software/OpenBLAS/0.3.5-GCC-8.2.0-2.31.1/include]
  ignore line: [ /software/sse/easybuild/prefix/software/OpenMPI/3.1.3-GCC-8.2.0-2.31.1/include]
  ignore line: [ /software/sse/easybuild/prefix/software/hwloc/1.11.11-GCCcore-8.2.0/include]
  ignore line: [ /software/sse/easybuild/prefix/software/libpciaccess/0.14-GCCcore-8.2.0/include]
  ignore line: [ /software/sse/easybuild/prefix/software/libxml2/2.9.8-GCCcore-8.2.0/include/libxml2]
  ignore line: [ /software/sse/easybuild/prefix/software/libxml2/2.9.8-GCCcore-8.2.0/include]
  ignore line: [ /software/sse/easybuild/prefix/software/XZ/5.2.4-GCCcore-8.2.0/include]
  ignore line: [ /software/sse/easybuild/prefix/software/numactl/2.0.12-GCCcore-8.2.0/include]
  ignore line: [ /software/sse/easybuild/prefix/software/binutils/2.31.1-GCCcore-8.2.0/include]
  ignore line: [ /software/sse/easybuild/prefix/software/zlib/1.2.11-GCCcore-8.2.0/include]
  ignore line: [ /software/sse/easybuild/prefix/software/GCCcore/8.2.0/lib/gcc/x86_64-pc-linux-gnu/8.2.0/../../../../include/c++/8.2.0]
  ignore line: [ /software/sse/easybuild/prefix/software/GCCcore/8.2.0/lib/gcc/x86_64-pc-linux-gnu/8.2.0/../../../../include/c++/8.2.0/x86_64-pc-linux-gnu]
  ignore line: [ /software/sse/easybuild/prefix/software/GCCcore/8.2.0/lib/gcc/x86_64-pc-linux-gnu/8.2.0/../../../../include/c++/8.2.0/backward]
  ignore line: [ /software/sse/easybuild/prefix/software/GCCcore/8.2.0/lib/gcc/x86_64-pc-linux-gnu/8.2.0/include]
  ignore line: [ /software/sse/easybuild/prefix/software/GCCcore/8.2.0/include]
  ignore line: [ /software/sse/easybuild/prefix/software/GCCcore/8.2.0/lib/gcc/x86_64-pc-linux-gnu/8.2.0/include-fixed]
  ignore line: [ /usr/include]
  ignore line: [End of search list.]
  ignore line: [GNU C++17 (GCC) version 8.2.0 (x86_64-pc-linux-gnu)]
  ignore line: [	compiled by GNU C version 8.2.0  GMP version 6.1.2  MPFR version 4.0.1  MPC version 1.1.0  isl version isl-0.20-GMP]
  ignore line: []
  ignore line: [GGC heuristics: --param ggc-min-expand=100 --param ggc-min-heapsize=131072]
  ignore line: [Compiler executable checksum: 3386c79d253f131a549686432f68e9c0]
  ignore line: [COLLECT_GCC_OPTIONS='-march=native' '-mtune=native' '-fopenmp' '-v' '-fPIE' '-std=c++17' '-o' 'CMakeFiles/cmTC_040fa.dir/OpenMPTryFlag.cpp.o' '-c' '-B' '/software/sse/manual/mpprun/4.1.3/nsc-wrappers/../nsc-wrappers' '-shared-libgcc' '-pthread']
  ignore line: [ as -v --64 -o CMakeFiles/cmTC_040fa.dir/OpenMPTryFlag.cpp.o /tmp/cczcE0Gr.s]
  ignore line: [GNU assembler version 2.31.1 (x86_64-pc-linux-gnu) using BFD version (GNU Binutils) 2.31.1]
  ignore line: [COMPILER_PATH=/software/sse/manual/mpprun/4.1.3/nsc-wrappers/../nsc-wrappers/:/software/sse/easybuild/prefix/software/GCCcore/8.2.0/libexec/gcc/x86_64-pc-linux-gnu/8.2.0/:/software/sse/easybuild/prefix/software/GCCcore/8.2.0/libexec/gcc/x86_64-pc-linux-gnu/8.2.0/:/software/sse/easybuild/prefix/software/GCCcore/8.2.0/libexec/gcc/x86_64-pc-linux-gnu/:/software/sse/easybuild/prefix/software/GCCcore/8.2.0/lib/gcc/x86_64-pc-linux-gnu/8.2.0/:/software/sse/easybuild/prefix/software/GCCcore/8.2.0/lib/gcc/x86_64-pc-linux-gnu/]
  ignore line: [LIBRARY_PATH=/software/sse/manual/mpprun/4.1.3/nsc-wrappers/../nsc-wrappers/:/software/sse/easybuild/prefix/software/GCCcore/8.2.0/lib64/../lib64/:/software/sse/easybuild/prefix/software/GCCcore/8.2.0/lib/../lib64/:/software/sse/easybuild/prefix/software/GCCcore/8.2.0/lib/gcc/x86_64-pc-linux-gnu/8.2.0/:/software/sse/easybuild/prefix/software/GCCcore/8.2.0/lib/gcc/x86_64-pc-linux-gnu/8.2.0/../../../../lib64/:/lib/../lib64/:/usr/lib/../lib64/:/software/sse/easybuild/prefix/software/ScaLAPACK/2.0.2-gompi-2019a-OpenBLAS-0.3.5/lib/:/software/sse/easybuild/prefix/software/FFTW/3.3.8-gompi-2019a/lib/:/software/sse/easybuild/prefix/software/OpenBLAS/0.3.5-GCC-8.2.0-2.31.1/lib/:/software/sse/easybuild/prefix/software/OpenMPI/3.1.3-GCC-8.2.0-2.31.1/lib/:/software/sse/easybuild/prefix/software/hwloc/1.11.11-GCCcore-8.2.0/lib/:/software/sse/easybuild/prefix/software/libpciaccess/0.14-GCCcore-8.2.0/lib/:/software/sse/easybuild/prefix/software/libxml2/2.9.8-GCCcore-8.2.0/lib/:/software/sse/easybuild/prefix/software/XZ/5.2.4-GCCcore-8.2.0/lib/:/software/sse/easybuild/prefix/software/numactl/2.0.12-GCCcore-8.2.0/lib/:/software/sse/easybuild/prefix/software/binutils/2.31.1-GCCcore-8.2.0/lib/:/software/sse/easybuild/prefix/software/zlib/1.2.11-GCCcore-8.2.0/lib/:/software/sse/easybuild/prefix/software/GCCcore/8.2.0/lib64/:/software/sse/easybuild/prefix/software/GCCcore/8.2.0/lib/:/software/sse/easybuild/prefix/software/GCCcore/8.2.0/lib/gcc/x86_64-pc-linux-gnu/8.2.0/../../../:/lib/:/usr/lib/]
  ignore line: [COLLECT_GCC_OPTIONS='-march=native' '-mtune=native' '-fopenmp' '-v' '-fPIE' '-std=c++17' '-o' 'CMakeFiles/cmTC_040fa.dir/OpenMPTryFlag.cpp.o' '-c' '-B' '/software/sse/manual/mpprun/4.1.3/nsc-wrappers/../nsc-wrappers' '-shared-libgcc' '-pthread']
  ignore line: [Linking CXX executable cmTC_040fa]
  ignore line: [/software/sse/manual/CMake/3.16.5/bin/cmake -E cmake_link_script CMakeFiles/cmTC_040fa.dir/link.txt --verbose=1]
  ignore line: [/software/sse/manual/mpprun/4.1.3/nsc-wrappers/c++  -march=native -mtune=native -fopenmp -v    CMakeFiles/cmTC_040fa.dir/OpenMPTryFlag.cpp.o  -o cmTC_040fa  -v ]
  ignore line: [Using built-in specs.]
  ignore line: [COLLECT_GCC=/software/sse/easybuild/prefix/software/GCCcore/8.2.0/bin/c++]
  ignore line: [COLLECT_LTO_WRAPPER=/software/sse/easybuild/prefix/software/GCCcore/8.2.0/libexec/gcc/x86_64-pc-linux-gnu/8.2.0/lto-wrapper]
  ignore line: [Target: x86_64-pc-linux-gnu]
  ignore line: [Configured with: ../configure --enable-languages=c,c++,fortran --enable-lto --enable-checking=release --disable-multilib --enable-shared=yes --enable-static=yes --enable-threads=posix --enable-plugins --enable-gold=default --enable-ld --with-plugin-ld=ld.gold --prefix=/software/sse/easybuild/prefix/software/GCCcore/8.2.0 --with-local-prefix=/software/sse/easybuild/prefix/software/GCCcore/8.2.0 --enable-bootstrap --with-isl=/tmp/torbenr/GCCcore/8.2.0/dummy-/gcc-8.2.0/stage2_stuff]
  ignore line: [Thread model: posix]
  ignore line: [gcc version 8.2.0 (GCC) ]
  ignore line: [COMPILER_PATH=/software/sse/manual/mpprun/4.1.3/nsc-wrappers/../nsc-wrappers/:/software/sse/easybuild/prefix/software/GCCcore/8.2.0/libexec/gcc/x86_64-pc-linux-gnu/8.2.0/:/software/sse/easybuild/prefix/software/GCCcore/8.2.0/libexec/gcc/x86_64-pc-linux-gnu/8.2.0/:/software/sse/easybuild/prefix/software/GCCcore/8.2.0/libexec/gcc/x86_64-pc-linux-gnu/:/software/sse/easybuild/prefix/software/GCCcore/8.2.0/lib/gcc/x86_64-pc-linux-gnu/8.2.0/:/software/sse/easybuild/prefix/software/GCCcore/8.2.0/lib/gcc/x86_64-pc-linux-gnu/]
  ignore line: [LIBRARY_PATH=/software/sse/manual/mpprun/4.1.3/nsc-wrappers/../nsc-wrappers/:/software/sse/easybuild/prefix/software/GCCcore/8.2.0/lib64/../lib64/:/software/sse/easybuild/prefix/software/GCCcore/8.2.0/lib/../lib64/:/software/sse/easybuild/prefix/software/GCCcore/8.2.0/lib/gcc/x86_64-pc-linux-gnu/8.2.0/:/software/sse/easybuild/prefix/software/GCCcore/8.2.0/lib/gcc/x86_64-pc-linux-gnu/8.2.0/../../../../lib64/:/lib/../lib64/:/usr/lib/../lib64/:/software/sse/easybuild/prefix/software/ScaLAPACK/2.0.2-gompi-2019a-OpenBLAS-0.3.5/lib/:/software/sse/easybuild/prefix/software/FFTW/3.3.8-gompi-2019a/lib/:/software/sse/easybuild/prefix/software/OpenBLAS/0.3.5-GCC-8.2.0-2.31.1/lib/:/software/sse/easybuild/prefix/software/OpenMPI/3.1.3-GCC-8.2.0-2.31.1/lib/:/software/sse/easybuild/prefix/software/hwloc/1.11.11-GCCcore-8.2.0/lib/:/software/sse/easybuild/prefix/software/libpciaccess/0.14-GCCcore-8.2.0/lib/:/software/sse/easybuild/prefix/software/libxml2/2.9.8-GCCcore-8.2.0/lib/:/software/sse/easybuild/prefix/software/XZ/5.2.4-GCCcore-8.2.0/lib/:/software/sse/easybuild/prefix/software/numactl/2.0.12-GCCcore-8.2.0/lib/:/software/sse/easybuild/prefix/software/binutils/2.31.1-GCCcore-8.2.0/lib/:/software/sse/easybuild/prefix/software/zlib/1.2.11-GCCcore-8.2.0/lib/:/software/sse/easybuild/prefix/software/GCCcore/8.2.0/lib64/:/software/sse/easybuild/prefix/software/GCCcore/8.2.0/lib/:/software/sse/easybuild/prefix/software/GCCcore/8.2.0/lib/gcc/x86_64-pc-linux-gnu/8.2.0/../../../:/lib/:/usr/lib/]
  ignore line: [Reading specs from /software/sse/easybuild/prefix/software/GCCcore/8.2.0/lib64/../lib64/libgomp.spec]
  ignore line: [COLLECT_GCC_OPTIONS='-march=native' '-mtune=native' '-fopenmp' '-v' '-o' 'cmTC_040fa' '-v' '-B' '/software/sse/manual/mpprun/4.1.3/nsc-wrappers/../nsc-wrappers' '-shared-libgcc' '-pthread']
  link line: [ /software/sse/easybuild/prefix/software/GCCcore/8.2.0/libexec/gcc/x86_64-pc-linux-gnu/8.2.0/collect2 -plugin /software/sse/easybuild/prefix/software/GCCcore/8.2.0/libexec/gcc/x86_64-pc-linux-gnu/8.2.0/liblto_plugin.so -plugin-opt=/software/sse/easybuild/prefix/software/GCCcore/8.2.0/libexec/gcc/x86_64-pc-linux-gnu/8.2.0/lto-wrapper -plugin-opt=-fresolution=/tmp/ccAGMfKB.res -plugin-opt=-pass-through=-lgcc_s -plugin-opt=-pass-through=-lgcc -plugin-opt=-pass-through=-lpthread -plugin-opt=-pass-through=-lc -plugin-opt=-pass-through=-lgcc_s -plugin-opt=-pass-through=-lgcc --eh-frame-hdr -m elf_x86_64 -dynamic-linker /lib64/ld-linux-x86-64.so.2 -o cmTC_040fa /lib/../lib64/crt1.o /lib/../lib64/crti.o /software/sse/easybuild/prefix/software/GCCcore/8.2.0/lib/gcc/x86_64-pc-linux-gnu/8.2.0/crtbegin.o -L/software/sse/manual/mpprun/4.1.3/nsc-wrappers/../nsc-wrappers -L/software/sse/easybuild/prefix/software/GCCcore/8.2.0/lib64/../lib64 -L/software/sse/easybuild/prefix/software/GCCcore/8.2.0/lib/../lib64 -L/software/sse/easybuild/prefix/software/GCCcore/8.2.0/lib/gcc/x86_64-pc-linux-gnu/8.2.0 -L/software/sse/easybuild/prefix/software/GCCcore/8.2.0/lib/gcc/x86_64-pc-linux-gnu/8.2.0/../../../../lib64 -L/lib/../lib64 -L/usr/lib/../lib64 -L/software/sse/easybuild/prefix/software/ScaLAPACK/2.0.2-gompi-2019a-OpenBLAS-0.3.5/lib -L/software/sse/easybuild/prefix/software/FFTW/3.3.8-gompi-2019a/lib -L/software/sse/easybuild/prefix/software/OpenBLAS/0.3.5-GCC-8.2.0-2.31.1/lib -L/software/sse/easybuild/prefix/software/OpenMPI/3.1.3-GCC-8.2.0-2.31.1/lib -L/software/sse/easybuild/prefix/software/hwloc/1.11.11-GCCcore-8.2.0/lib -L/software/sse/easybuild/prefix/software/libpciaccess/0.14-GCCcore-8.2.0/lib -L/software/sse/easybuild/prefix/software/libxml2/2.9.8-GCCcore-8.2.0/lib -L/software/sse/easybuild/prefix/software/XZ/5.2.4-GCCcore-8.2.0/lib -L/software/sse/easybuild/prefix/software/numactl/2.0.12-GCCcore-8.2.0/lib -L/software/sse/easybuild/prefix/software/binutils/2.31.1-GCCcore-8.2.0/lib -L/software/sse/easybuild/prefix/software/zlib/1.2.11-GCCcore-8.2.0/lib -L/software/sse/easybuild/prefix/software/GCCcore/8.2.0/lib64 -L/software/sse/easybuild/prefix/software/GCCcore/8.2.0/lib -L/software/sse/easybuild/prefix/software/GCCcore/8.2.0/lib/gcc/x86_64-pc-linux-gnu/8.2.0/../../.. CMakeFiles/cmTC_040fa.dir/OpenMPTryFlag.cpp.o -lstdc++ -lm -lgomp -lgcc_s -lgcc -lpthread -lc -lgcc_s -lgcc /software/sse/easybuild/prefix/software/GCCcore/8.2.0/lib/gcc/x86_64-pc-linux-gnu/8.2.0/crtend.o /lib/../lib64/crtn.o]
    arg [/software/sse/easybuild/prefix/software/GCCcore/8.2.0/libexec/gcc/x86_64-pc-linux-gnu/8.2.0/collect2] ==> ignore
    arg [-plugin] ==> ignore
    arg [/software/sse/easybuild/prefix/software/GCCcore/8.2.0/libexec/gcc/x86_64-pc-linux-gnu/8.2.0/liblto_plugin.so] ==> ignore
    arg [-plugin-opt=/software/sse/easybuild/prefix/software/GCCcore/8.2.0/libexec/gcc/x86_64-pc-linux-gnu/8.2.0/lto-wrapper] ==> ignore
    arg [-plugin-opt=-fresolution=/tmp/ccAGMfKB.res] ==> ignore
    arg [-plugin-opt=-pass-through=-lgcc_s] ==> ignore
    arg [-plugin-opt=-pass-through=-lgcc] ==> ignore
    arg [-plugin-opt=-pass-through=-lpthread] ==> ignore
    arg [-plugin-opt=-pass-through=-lc] ==> ignore
    arg [-plugin-opt=-pass-through=-lgcc_s] ==> ignore
    arg [-plugin-opt=-pass-through=-lgcc] ==> ignore
    arg [--eh-frame-hdr] ==> ignore
    arg [-m] ==> ignore
    arg [elf_x86_64] ==> ignore
    arg [-dynamic-linker] ==> ignore
    arg [/lib64/ld-linux-x86-64.so.2] ==> ignore
    arg [-o] ==> ignore
    arg [cmTC_040fa] ==> ignore
    arg [/lib/../lib64/crt1.o] ==> ignore
    arg [/lib/../lib64/crti.o] ==> ignore
    arg [/software/sse/easybuild/prefix/software/GCCcore/8.2.0/lib/gcc/x86_64-pc-linux-gnu/8.2.0/crtbegin.o] ==> ignore
    arg [-L/software/sse/manual/mpprun/4.1.3/nsc-wrappers/../nsc-wrappers] ==> dir [/software/sse/manual/mpprun/4.1.3/nsc-wrappers/../nsc-wrappers]
    arg [-L/software/sse/easybuild/prefix/software/GCCcore/8.2.0/lib64/../lib64] ==> dir [/software/sse/easybuild/prefix/software/GCCcore/8.2.0/lib64/../lib64]
    arg [-L/software/sse/easybuild/prefix/software/GCCcore/8.2.0/lib/../lib64] ==> dir [/software/sse/easybuild/prefix/software/GCCcore/8.2.0/lib/../lib64]
    arg [-L/software/sse/easybuild/prefix/software/GCCcore/8.2.0/lib/gcc/x86_64-pc-linux-gnu/8.2.0] ==> dir [/software/sse/easybuild/prefix/software/GCCcore/8.2.0/lib/gcc/x86_64-pc-linux-gnu/8.2.0]
    arg [-L/software/sse/easybuild/prefix/software/GCCcore/8.2.0/lib/gcc/x86_64-pc-linux-gnu/8.2.0/../../../../lib64] ==> dir [/software/sse/easybuild/prefix/software/GCCcore/8.2.0/lib/gcc/x86_64-pc-linux-gnu/8.2.0/../../../../lib64]
    arg [-L/lib/../lib64] ==> dir [/lib/../lib64]
    arg [-L/usr/lib/../lib64] ==> dir [/usr/lib/../lib64]
    arg [-L/software/sse/easybuild/prefix/software/ScaLAPACK/2.0.2-gompi-2019a-OpenBLAS-0.3.5/lib] ==> dir [/software/sse/easybuild/prefix/software/ScaLAPACK/2.0.2-gompi-2019a-OpenBLAS-0.3.5/lib]
    arg [-L/software/sse/easybuild/prefix/software/FFTW/3.3.8-gompi-2019a/lib] ==> dir [/software/sse/easybuild/prefix/software/FFTW/3.3.8-gompi-2019a/lib]
    arg [-L/software/sse/easybuild/prefix/software/OpenBLAS/0.3.5-GCC-8.2.0-2.31.1/lib] ==> dir [/software/sse/easybuild/prefix/software/OpenBLAS/0.3.5-GCC-8.2.0-2.31.1/lib]
    arg [-L/software/sse/easybuild/prefix/software/OpenMPI/3.1.3-GCC-8.2.0-2.31.1/lib] ==> dir [/software/sse/easybuild/prefix/software/OpenMPI/3.1.3-GCC-8.2.0-2.31.1/lib]
    arg [-L/software/sse/easybuild/prefix/software/hwloc/1.11.11-GCCcore-8.2.0/lib] ==> dir [/software/sse/easybuild/prefix/software/hwloc/1.11.11-GCCcore-8.2.0/lib]
    arg [-L/software/sse/easybuild/prefix/software/libpciaccess/0.14-GCCcore-8.2.0/lib] ==> dir [/software/sse/easybuild/prefix/software/libpciaccess/0.14-GCCcore-8.2.0/lib]
    arg [-L/software/sse/easybuild/prefix/software/libxml2/2.9.8-GCCcore-8.2.0/lib] ==> dir [/software/sse/easybuild/prefix/software/libxml2/2.9.8-GCCcore-8.2.0/lib]
    arg [-L/software/sse/easybuild/prefix/software/XZ/5.2.4-GCCcore-8.2.0/lib] ==> dir [/software/sse/easybuild/prefix/software/XZ/5.2.4-GCCcore-8.2.0/lib]
    arg [-L/software/sse/easybuild/prefix/software/numactl/2.0.12-GCCcore-8.2.0/lib] ==> dir [/software/sse/easybuild/prefix/software/numactl/2.0.12-GCCcore-8.2.0/lib]
    arg [-L/software/sse/easybuild/prefix/software/binutils/2.31.1-GCCcore-8.2.0/lib] ==> dir [/software/sse/easybuild/prefix/software/binutils/2.31.1-GCCcore-8.2.0/lib]
    arg [-L/software/sse/easybuild/prefix/software/zlib/1.2.11-GCCcore-8.2.0/lib] ==> dir [/software/sse/easybuild/prefix/software/zlib/1.2.11-GCCcore-8.2.0/lib]
    arg [-L/software/sse/easybuild/prefix/software/GCCcore/8.2.0/lib64] ==> dir [/software/sse/easybuild/prefix/software/GCCcore/8.2.0/lib64]
    arg [-L/software/sse/easybuild/prefix/software/GCCcore/8.2.0/lib] ==> dir [/software/sse/easybuild/prefix/software/GCCcore/8.2.0/lib]
    arg [-L/software/sse/easybuild/prefix/software/GCCcore/8.2.0/lib/gcc/x86_64-pc-linux-gnu/8.2.0/../../..] ==> dir [/software/sse/easybuild/prefix/software/GCCcore/8.2.0/lib/gcc/x86_64-pc-linux-gnu/8.2.0/../../..]
    arg [CMakeFiles/cmTC_040fa.dir/OpenMPTryFlag.cpp.o] ==> ignore
    arg [-lstdc++] ==> lib [stdc++]
    arg [-lm] ==> lib [m]
    arg [-lgomp] ==> lib [gomp]
    arg [-lgcc_s] ==> lib [gcc_s]
    arg [-lgcc] ==> lib [gcc]
    arg [-lpthread] ==> lib [pthread]
    arg [-lc] ==> lib [c]
    arg [-lgcc_s] ==> lib [gcc_s]
    arg [-lgcc] ==> lib [gcc]
    arg [/software/sse/easybuild/prefix/software/GCCcore/8.2.0/lib/gcc/x86_64-pc-linux-gnu/8.2.0/crtend.o] ==> ignore
    arg [/lib/../lib64/crtn.o] ==> ignore
  collapse library dir [/software/sse/manual/mpprun/4.1.3/nsc-wrappers/../nsc-wrappers] ==> [/software/sse/manual/mpprun/4.1.3/nsc-wrappers]
  collapse library dir [/software/sse/easybuild/prefix/software/GCCcore/8.2.0/lib64/../lib64] ==> [/software/sse/easybuild/prefix/software/GCCcore/8.2.0/lib64]
  collapse library dir [/software/sse/easybuild/prefix/software/GCCcore/8.2.0/lib/../lib64] ==> [/software/sse/easybuild/prefix/software/GCCcore/8.2.0/lib64]
  collapse library dir [/software/sse/easybuild/prefix/software/GCCcore/8.2.0/lib/gcc/x86_64-pc-linux-gnu/8.2.0] ==> [/software/sse/easybuild/prefix/software/GCCcore/8.2.0/lib/gcc/x86_64-pc-linux-gnu/8.2.0]
  collapse library dir [/software/sse/easybuild/prefix/software/GCCcore/8.2.0/lib/gcc/x86_64-pc-linux-gnu/8.2.0/../../../../lib64] ==> [/software/sse/easybuild/prefix/software/GCCcore/8.2.0/lib64]
  collapse library dir [/lib/../lib64] ==> [/lib64]
  collapse library dir [/usr/lib/../lib64] ==> [/usr/lib64]
  collapse library dir [/software/sse/easybuild/prefix/software/ScaLAPACK/2.0.2-gompi-2019a-OpenBLAS-0.3.5/lib] ==> [/software/sse/easybuild/prefix/software/ScaLAPACK/2.0.2-gompi-2019a-OpenBLAS-0.3.5/lib]
  collapse library dir [/software/sse/easybuild/prefix/software/FFTW/3.3.8-gompi-2019a/lib] ==> [/software/sse/easybuild/prefix/software/FFTW/3.3.8-gompi-2019a/lib]
  collapse library dir [/software/sse/easybuild/prefix/software/OpenBLAS/0.3.5-GCC-8.2.0-2.31.1/lib] ==> [/software/sse/easybuild/prefix/software/OpenBLAS/0.3.5-GCC-8.2.0-2.31.1/lib]
  collapse library dir [/software/sse/easybuild/prefix/software/OpenMPI/3.1.3-GCC-8.2.0-2.31.1/lib] ==> [/software/sse/easybuild/prefix/software/OpenMPI/3.1.3-GCC-8.2.0-2.31.1/lib]
  collapse library dir [/software/sse/easybuild/prefix/software/hwloc/1.11.11-GCCcore-8.2.0/lib] ==> [/software/sse/easybuild/prefix/software/hwloc/1.11.11-GCCcore-8.2.0/lib]
  collapse library dir [/software/sse/easybuild/prefix/software/libpciaccess/0.14-GCCcore-8.2.0/lib] ==> [/software/sse/easybuild/prefix/software/libpciaccess/0.14-GCCcore-8.2.0/lib]
  collapse library dir [/software/sse/easybuild/prefix/software/libxml2/2.9.8-GCCcore-8.2.0/lib] ==> [/software/sse/easybuild/prefix/software/libxml2/2.9.8-GCCcore-8.2.0/lib]
  collapse library dir [/software/sse/easybuild/prefix/software/XZ/5.2.4-GCCcore-8.2.0/lib] ==> [/software/sse/easybuild/prefix/software/XZ/5.2.4-GCCcore-8.2.0/lib]
  collapse library dir [/software/sse/easybuild/prefix/software/numactl/2.0.12-GCCcore-8.2.0/lib] ==> [/software/sse/easybuild/prefix/software/numactl/2.0.12-GCCcore-8.2.0/lib]
  collapse library dir [/software/sse/easybuild/prefix/software/binutils/2.31.1-GCCcore-8.2.0/lib] ==> [/software/sse/easybuild/prefix/software/binutils/2.31.1-GCCcore-8.2.0/lib]
  collapse library dir [/software/sse/easybuild/prefix/software/zlib/1.2.11-GCCcore-8.2.0/lib] ==> [/software/sse/easybuild/prefix/software/zlib/1.2.11-GCCcore-8.2.0/lib]
  collapse library dir [/software/sse/easybuild/prefix/software/GCCcore/8.2.0/lib64] ==> [/software/sse/easybuild/prefix/software/GCCcore/8.2.0/lib64]
  collapse library dir [/software/sse/easybuild/prefix/software/GCCcore/8.2.0/lib] ==> [/software/sse/easybuild/prefix/software/GCCcore/8.2.0/lib]
  collapse library dir [/software/sse/easybuild/prefix/software/GCCcore/8.2.0/lib/gcc/x86_64-pc-linux-gnu/8.2.0/../../..] ==> [/software/sse/easybuild/prefix/software/GCCcore/8.2.0/lib]
  implicit libs: [stdc++;m;gomp;gcc_s;gcc;pthread;c;gcc_s;gcc]
  implicit dirs: [/software/sse/manual/mpprun/4.1.3/nsc-wrappers;/software/sse/easybuild/prefix/software/GCCcore/8.2.0/lib64;/software/sse/easybuild/prefix/software/GCCcore/8.2.0/lib/gcc/x86_64-pc-linux-gnu/8.2.0;/lib64;/usr/lib64;/software/sse/easybuild/prefix/software/ScaLAPACK/2.0.2-gompi-2019a-OpenBLAS-0.3.5/lib;/software/sse/easybuild/prefix/software/FFTW/3.3.8-gompi-2019a/lib;/software/sse/easybuild/prefix/software/OpenBLAS/0.3.5-GCC-8.2.0-2.31.1/lib;/software/sse/easybuild/prefix/software/OpenMPI/3.1.3-GCC-8.2.0-2.31.1/lib;/software/sse/easybuild/prefix/software/hwloc/1.11.11-GCCcore-8.2.0/lib;/software/sse/easybuild/prefix/software/libpciaccess/0.14-GCCcore-8.2.0/lib;/software/sse/easybuild/prefix/software/libxml2/2.9.8-GCCcore-8.2.0/lib;/software/sse/easybuild/prefix/software/XZ/5.2.4-GCCcore-8.2.0/lib;/software/sse/easybuild/prefix/software/numactl/2.0.12-GCCcore-8.2.0/lib;/software/sse/easybuild/prefix/software/binutils/2.31.1-GCCcore-8.2.0/lib;/software/sse/easybuild/prefix/software/zlib/1.2.11-GCCcore-8.2.0/lib;/software/sse/easybuild/prefix/software/GCCcore/8.2.0/lib]
  implicit fwks: []


Determining if the include file filesystem exists passed with the following output:
Change Dir: /home/x_ilama/MultiComponent_VillainModel/build/Release/CMakeFiles/CMakeTmp

Run Build Command(s):/usr/bin/gmake cmTC_c329d/fast && /usr/bin/gmake -f CMakeFiles/cmTC_c329d.dir/build.make CMakeFiles/cmTC_c329d.dir/build
gmake[1]: Entering directory `/home/x_ilama/MultiComponent_VillainModel/build/Release/CMakeFiles/CMakeTmp'
Building CXX object CMakeFiles/cmTC_c329d.dir/CheckIncludeFile.cxx.o
/software/sse/manual/mpprun/4.1.3/nsc-wrappers/c++    -march=native -mtune=native  -fPIE   -std=c++17 -o CMakeFiles/cmTC_c329d.dir/CheckIncludeFile.cxx.o -c /home/x_ilama/MultiComponent_VillainModel/build/Release/CMakeFiles/CMakeTmp/CheckIncludeFile.cxx
Linking CXX executable cmTC_c329d
/software/sse/manual/CMake/3.16.5/bin/cmake -E cmake_link_script CMakeFiles/cmTC_c329d.dir/link.txt --verbose=1
/software/sse/manual/mpprun/4.1.3/nsc-wrappers/c++  -march=native -mtune=native     CMakeFiles/cmTC_c329d.dir/CheckIncludeFile.cxx.o  -o cmTC_c329d 
gmake[1]: Leaving directory `/home/x_ilama/MultiComponent_VillainModel/build/Release/CMakeFiles/CMakeTmp'



Performing C++ SOURCE FILE Test CXX_FILESYSTEM_STDCPPFS_NEEDED succeeded with the following output:
Change Dir: /home/x_ilama/MultiComponent_VillainModel/build/Release/CMakeFiles/CMakeTmp

Run Build Command(s):/usr/bin/gmake cmTC_b89fb/fast && /usr/bin/gmake -f CMakeFiles/cmTC_b89fb.dir/build.make CMakeFiles/cmTC_b89fb.dir/build
gmake[1]: Entering directory `/home/x_ilama/MultiComponent_VillainModel/build/Release/CMakeFiles/CMakeTmp'
Building CXX object CMakeFiles/cmTC_b89fb.dir/src.cxx.o
/software/sse/manual/mpprun/4.1.3/nsc-wrappers/c++    -march=native -mtune=native -DCXX_FILESYSTEM_STDCPPFS_NEEDED -fPIE   -std=c++17 -o CMakeFiles/cmTC_b89fb.dir/src.cxx.o -c /home/x_ilama/MultiComponent_VillainModel/build/Release/CMakeFiles/CMakeTmp/src.cxx
Linking CXX executable cmTC_b89fb
/software/sse/manual/CMake/3.16.5/bin/cmake -E cmake_link_script CMakeFiles/cmTC_b89fb.dir/link.txt --verbose=1
/software/sse/manual/mpprun/4.1.3/nsc-wrappers/c++  -march=native -mtune=native -DCXX_FILESYSTEM_STDCPPFS_NEEDED    CMakeFiles/cmTC_b89fb.dir/src.cxx.o  -o cmTC_b89fb  -lstdc++fs 
gmake[1]: Leaving directory `/home/x_ilama/MultiComponent_VillainModel/build/Release/CMakeFiles/CMakeTmp'


Source file was:
        #include <filesystem>

        int main() {
            std::filesystem::path testpath = "../";
            std::filesystem::exists(testpath);
            auto cwd = std::filesystem::current_path();
            return static_cast<int>(cwd.string().size());
        }
    
